0:0:0:0:0:0:0:1 - - [08/Mar/2017:16:01:31 +0800] "GET / HTTP/1.1" 200 27438
0:0:0:0:0:0:0:1 - - [08/Mar/2017:16:01:31 +0800] "GET /css/banner.css HTTP/1.1" 200 8476
0:0:0:0:0:0:0:1 - - [08/Mar/2017:16:01:31 +0800] "GET /css/public.css HTTP/1.1" 200 801
0:0:0:0:0:0:0:1 - - [08/Mar/2017:16:01:31 +0800] "GET /js/jquery-1.11.1.min.js HTTP/1.1" 200 95786
0:0:0:0:0:0:0:1 - - [08/Mar/2017:16:01:31 +0800] "GET /js/index.js HTTP/1.1" 200 3328
0:0:0:0:0:0:0:1 - - [08/Mar/2017:16:01:31 +0800] "GET /css/index.css HTTP/1.1" 200 112520
0:0:0:0:0:0:0:1 - - [08/Mar/2017:16:01:31 +0800] "GET /js/chajian/external.js HTTP/1.1" 200 3221
0:0:0:0:0:0:0:1 - - [08/Mar/2017:16:01:31 +0800] "GET /images/log_03_03.png HTTP/1.1" 200 4499
0:0:0:0:0:0:0:1 - - [08/Mar/2017:16:01:31 +0800] "GET /js/index_img.js HTTP/1.1" 200 1859
0:0:0:0:0:0:0:1 - - [08/Mar/2017:16:01:31 +0800] "GET /images/baner1_text_2.png HTTP/1.1" 200 3039
0:0:0:0:0:0:0:1 - - [08/Mar/2017:16:01:31 +0800] "GET /images/banner1_text_1.png HTTP/1.1" 200 5621
0:0:0:0:0:0:0:1 - - [08/Mar/2017:16:01:31 +0800] "GET /images/log_03_02.gif HTTP/1.1" 200 2149
0:0:0:0:0:0:0:1 - - [08/Mar/2017:16:01:31 +0800] "GET /images/banner1_img.png HTTP/1.1" 200 127623
0:0:0:0:0:0:0:1 - - [08/Mar/2017:16:01:31 +0800] "GET /images/banner3_text.png HTTP/1.1" 200 12792
0:0:0:0:0:0:0:1 - - [08/Mar/2017:16:01:31 +0800] "GET /images/banner3_little_img2.png HTTP/1.1" 200 13396
0:0:0:0:0:0:0:1 - - [08/Mar/2017:16:01:31 +0800] "GET /images/banner2_text.png HTTP/1.1" 200 8600
0:0:0:0:0:0:0:1 - - [08/Mar/2017:16:01:32 +0800] "GET /images/banne3_litte_img1.png HTTP/1.1" 200 18290
0:0:0:0:0:0:0:1 - - [08/Mar/2017:16:01:32 +0800] "GET /images/banner3_little_img4.png HTTP/1.1" 200 10068
0:0:0:0:0:0:0:1 - - [08/Mar/2017:16:01:32 +0800] "GET /images/banner3_little_img3.png HTTP/1.1" 200 11109
0:0:0:0:0:0:0:1 - - [08/Mar/2017:16:01:32 +0800] "GET /images/icon_bag.png HTTP/1.1" 200 771
0:0:0:0:0:0:0:1 - - [08/Mar/2017:16:01:32 +0800] "GET /images/icon_task.png HTTP/1.1" 200 983
0:0:0:0:0:0:0:1 - - [08/Mar/2017:16:01:32 +0800] "GET /images/icon_call.png HTTP/1.1" 200 1326
0:0:0:0:0:0:0:1 - - [08/Mar/2017:16:01:32 +0800] "GET /images/banner2_img.png HTTP/1.1" 200 206898
0:0:0:0:0:0:0:1 - - [08/Mar/2017:16:01:32 +0800] "GET /images/banner4%20_img.png HTTP/1.1" 200 50876
0:0:0:0:0:0:0:1 - - [08/Mar/2017:16:01:32 +0800] "GET /images/icon_workhall.png HTTP/1.1" 200 598
0:0:0:0:0:0:0:1 - - [08/Mar/2017:16:01:32 +0800] "GET /images/icon_swing.png HTTP/1.1" 200 959
0:0:0:0:0:0:0:1 - - [08/Mar/2017:16:01:32 +0800] "GET /images/icon_tanlent.png HTTP/1.1" 200 1330
0:0:0:0:0:0:0:1 - - [08/Mar/2017:16:01:32 +0800] "GET /images/banner1_btn.png HTTP/1.1" 200 1142
0:0:0:0:0:0:0:1 - - [08/Mar/2017:16:01:32 +0800] "GET /images/banner1_bg_1.png HTTP/1.1" 200 11672
0:0:0:0:0:0:0:1 - - [08/Mar/2017:16:01:32 +0800] "GET /images/banner3_img.png HTTP/1.1" 200 199471
0:0:0:0:0:0:0:1 - - [08/Mar/2017:16:01:32 +0800] "GET /images/banner1_lines.png HTTP/1.1" 200 919
0:0:0:0:0:0:0:1 - - [08/Mar/2017:16:01:32 +0800] "GET /images/icon.png HTTP/1.1" 200 30772
0:0:0:0:0:0:0:1 - - [08/Mar/2017:16:01:32 +0800] "GET /images/shouyebg.jpg HTTP/1.1" 200 185782
0:0:0:0:0:0:0:1 - - [08/Mar/2017:16:01:32 +0800] "GET /images/erweima.jpg HTTP/1.1" 200 40495
0:0:0:0:0:0:0:1 - - [08/Mar/2017:16:01:32 +0800] "GET /images/banner4_bg.png HTTP/1.1" 200 10713
0:0:0:0:0:0:0:1 - - [08/Mar/2017:16:01:32 +0800] "GET /favicon.ico HTTP/1.1" 200 946
0:0:0:0:0:0:0:1 - - [08/Mar/2017:16:01:37 +0800] "GET /images/banner2_lines.png HTTP/1.1" 200 652
0:0:0:0:0:0:0:1 - - [08/Mar/2017:16:01:48 +0800] "GET /fileTest.html HTTP/1.1" 404 306
0:0:0:0:0:0:0:1 - - [08/Mar/2017:16:02:41 +0800] "GET /fileTest.html HTTP/1.1" 200 368
0:0:0:0:0:0:0:1 - - [08/Mar/2017:16:02:41 +0800] "GET /static/common.js HTTP/1.1" 200 1811
0:0:0:0:0:0:0:1 - - [08/Mar/2017:16:02:41 +0800] "GET /templates/ali-oss-master/dist/aliyun-oss-sdk.min.js HTTP/1.1" 404 166
0:0:0:0:0:0:0:1 - - [08/Mar/2017:16:03:23 +0800] "GET /fileTest.html HTTP/1.1" 304 -
0:0:0:0:0:0:0:1 - - [08/Mar/2017:16:03:23 +0800] "GET /static/common.js HTTP/1.1" 304 -
0:0:0:0:0:0:0:1 - - [08/Mar/2017:16:03:23 +0800] "GET /templates/ali-oss-master/dist/aliyun-oss-sdk.min.js HTTP/1.1" 404 166
