0:0:0:0:0:0:0:1 - - [15/Mar/2017:15:33:56 +0800] "GET / HTTP/1.1" 200 27586
0:0:0:0:0:0:0:1 - - [15/Mar/2017:15:33:56 +0800] "GET /css/banner.css HTTP/1.1" 304 -
0:0:0:0:0:0:0:1 - - [15/Mar/2017:15:33:56 +0800] "GET /js/jquery-1.11.1.min.js HTTP/1.1" 304 -
0:0:0:0:0:0:0:1 - - [15/Mar/2017:15:33:56 +0800] "GET /css/public.css HTTP/1.1" 200 1291
0:0:0:0:0:0:0:1 - - [15/Mar/2017:15:33:56 +0800] "GET /css/index.css HTTP/1.1" 200 115402
0:0:0:0:0:0:0:1 - - [15/Mar/2017:15:33:56 +0800] "GET /js/index.js HTTP/1.1" 304 -
0:0:0:0:0:0:0:1 - - [15/Mar/2017:15:33:57 +0800] "GET /js/chajian/external.js HTTP/1.1" 304 -
0:0:0:0:0:0:0:1 - - [15/Mar/2017:15:33:57 +0800] "GET /js/index_img.js HTTP/1.1" 304 -
0:0:0:0:0:0:0:1 - - [15/Mar/2017:15:33:57 +0800] "GET /images/banner1_img.png HTTP/1.1" 304 -
0:0:0:0:0:0:0:1 - - [15/Mar/2017:15:33:57 +0800] "GET /images/banner1_text_1.png HTTP/1.1" 304 -
0:0:0:0:0:0:0:1 - - [15/Mar/2017:15:33:57 +0800] "GET /images/log_03_02.gif HTTP/1.1" 304 -
0:0:0:0:0:0:0:1 - - [15/Mar/2017:15:33:57 +0800] "GET /images/log_03_03.png HTTP/1.1" 304 -
0:0:0:0:0:0:0:1 - - [15/Mar/2017:15:33:57 +0800] "GET /images/banner2_text.png HTTP/1.1" 304 -
0:0:0:0:0:0:0:1 - - [15/Mar/2017:15:33:57 +0800] "GET /images/banne3_litte_img1.png HTTP/1.1" 304 -
0:0:0:0:0:0:0:1 - - [15/Mar/2017:15:33:57 +0800] "GET /images/baner1_text_2.png HTTP/1.1" 304 -
0:0:0:0:0:0:0:1 - - [15/Mar/2017:15:33:57 +0800] "GET /images/banner2_img.png HTTP/1.1" 304 -
0:0:0:0:0:0:0:1 - - [15/Mar/2017:15:33:57 +0800] "GET /images/banner3_text.png HTTP/1.1" 304 -
0:0:0:0:0:0:0:1 - - [15/Mar/2017:15:33:57 +0800] "GET /images/banner3_little_img2.png HTTP/1.1" 304 -
0:0:0:0:0:0:0:1 - - [15/Mar/2017:15:33:57 +0800] "GET /images/banner3_little_img3.png HTTP/1.1" 304 -
0:0:0:0:0:0:0:1 - - [15/Mar/2017:15:33:57 +0800] "GET /images/banner3_little_img4.png HTTP/1.1" 304 -
0:0:0:0:0:0:0:1 - - [15/Mar/2017:15:33:57 +0800] "GET /images/banner3_img.png HTTP/1.1" 304 -
0:0:0:0:0:0:0:1 - - [15/Mar/2017:15:33:57 +0800] "GET /images/erweima.jpg HTTP/1.1" 304 -
0:0:0:0:0:0:0:1 - - [15/Mar/2017:15:33:57 +0800] "GET /images/banner4%20_img.png HTTP/1.1" 304 -
0:0:0:0:0:0:0:1 - - [15/Mar/2017:15:33:57 +0800] "GET /images/banner1_bg_1.png HTTP/1.1" 304 -
0:0:0:0:0:0:0:1 - - [15/Mar/2017:15:33:57 +0800] "GET /images/banner4_bg.png HTTP/1.1" 304 -
0:0:0:0:0:0:0:1 - - [15/Mar/2017:15:33:57 +0800] "GET /images/icon_bag.png HTTP/1.1" 304 -
0:0:0:0:0:0:0:1 - - [15/Mar/2017:15:33:57 +0800] "GET /images/icon_workhall.png HTTP/1.1" 304 -
0:0:0:0:0:0:0:1 - - [15/Mar/2017:15:33:57 +0800] "GET /images/icon_task.png HTTP/1.1" 304 -
0:0:0:0:0:0:0:1 - - [15/Mar/2017:15:33:57 +0800] "GET /images/icon_swing.png HTTP/1.1" 304 -
0:0:0:0:0:0:0:1 - - [15/Mar/2017:15:33:57 +0800] "GET /images/icon_call.png HTTP/1.1" 304 -
0:0:0:0:0:0:0:1 - - [15/Mar/2017:15:33:57 +0800] "GET /images/banner1_btn.png HTTP/1.1" 304 -
0:0:0:0:0:0:0:1 - - [15/Mar/2017:15:33:57 +0800] "GET /images/shouyebg.jpg HTTP/1.1" 304 -
0:0:0:0:0:0:0:1 - - [15/Mar/2017:15:33:57 +0800] "GET /images/icon.png HTTP/1.1" 304 -
0:0:0:0:0:0:0:1 - - [15/Mar/2017:15:33:57 +0800] "GET /images/banner1_lines.png HTTP/1.1" 304 -
0:0:0:0:0:0:0:1 - - [15/Mar/2017:15:33:57 +0800] "GET /images/icon_tanlent.png HTTP/1.1" 304 -
0:0:0:0:0:0:0:1 - - [15/Mar/2017:15:33:59 +0800] "GET /list-login/login HTTP/1.1" 200 21378
0:0:0:0:0:0:0:1 - - [15/Mar/2017:15:33:59 +0800] "GET /js/common.js HTTP/1.1" 304 -
0:0:0:0:0:0:0:1 - - [15/Mar/2017:15:33:59 +0800] "GET /js/bg/atemp.js HTTP/1.1" 200 154
0:0:0:0:0:0:0:1 - - [15/Mar/2017:15:33:59 +0800] "GET /js/bg/ajaxPost.js HTTP/1.1" 304 -
0:0:0:0:0:0:0:1 - - [15/Mar/2017:15:33:59 +0800] "GET /js/chajian/jqkuozhan.js HTTP/1.1" 200 2030
0:0:0:0:0:0:0:1 - - [15/Mar/2017:15:33:59 +0800] "GET /js/bg/submits.js HTTP/1.1" 304 -
0:0:0:0:0:0:0:1 - - [15/Mar/2017:15:33:59 +0800] "GET /images/loginbanner.jpg HTTP/1.1" 304 -
0:0:0:0:0:0:0:1 - - [15/Mar/2017:15:34:37 +0800] "GET /list-login/login HTTP/1.1" 200 21378
0:0:0:0:0:0:0:1 - - [15/Mar/2017:15:34:37 +0800] "GET /css/public.css HTTP/1.1" 200 1291
0:0:0:0:0:0:0:1 - - [15/Mar/2017:15:34:37 +0800] "GET /css/banner.css HTTP/1.1" 200 8476
0:0:0:0:0:0:0:1 - - [15/Mar/2017:15:34:37 +0800] "GET /css/index.css HTTP/1.1" 200 115402
0:0:0:0:0:0:0:1 - - [15/Mar/2017:15:34:37 +0800] "GET /js/jquery-1.11.1.min.js HTTP/1.1" 200 95786
0:0:0:0:0:0:0:1 - - [15/Mar/2017:15:34:37 +0800] "GET /js/chajian/jqkuozhan.js HTTP/1.1" 200 2030
0:0:0:0:0:0:0:1 - - [15/Mar/2017:15:34:37 +0800] "GET /js/bg/atemp.js HTTP/1.1" 200 154
0:0:0:0:0:0:0:1 - - [15/Mar/2017:15:34:37 +0800] "GET /js/bg/submits.js HTTP/1.1" 200 11325
0:0:0:0:0:0:0:1 - - [15/Mar/2017:15:34:37 +0800] "GET /js/bg/ajaxPost.js HTTP/1.1" 200 1075
0:0:0:0:0:0:0:1 - - [15/Mar/2017:15:34:37 +0800] "GET /js/common.js HTTP/1.1" 200 4693
0:0:0:0:0:0:0:1 - - [15/Mar/2017:15:34:37 +0800] "GET /images/log_03_02.gif HTTP/1.1" 200 2149
0:0:0:0:0:0:0:1 - - [15/Mar/2017:15:34:37 +0800] "GET /images/log_03_03.png HTTP/1.1" 200 4499
0:0:0:0:0:0:0:1 - - [15/Mar/2017:15:34:37 +0800] "GET /images/erweima.jpg HTTP/1.1" 200 40495
0:0:0:0:0:0:0:1 - - [15/Mar/2017:15:34:37 +0800] "GET /images/icon.png HTTP/1.1" 200 30772
0:0:0:0:0:0:0:1 - - [15/Mar/2017:15:34:37 +0800] "GET /images/loginbanner.jpg HTTP/1.1" 200 658820
0:0:0:0:0:0:0:1 - - [15/Mar/2017:15:34:37 +0800] "GET /favicon.ico HTTP/1.1" 200 946
0:0:0:0:0:0:0:1 - - [15/Mar/2017:15:35:14 +0800] "GET /list-login/login HTTP/1.1" 200 21378
0:0:0:0:0:0:0:1 - - [15/Mar/2017:15:35:14 +0800] "GET /css/public.css HTTP/1.1" 200 1291
0:0:0:0:0:0:0:1 - - [15/Mar/2017:15:35:14 +0800] "GET /css/banner.css HTTP/1.1" 200 8476
0:0:0:0:0:0:0:1 - - [15/Mar/2017:15:35:14 +0800] "GET /js/jquery-1.11.1.min.js HTTP/1.1" 200 95786
0:0:0:0:0:0:0:1 - - [15/Mar/2017:15:35:15 +0800] "GET /css/index.css HTTP/1.1" 200 115402
0:0:0:0:0:0:0:1 - - [15/Mar/2017:15:35:15 +0800] "GET /js/chajian/jqkuozhan.js HTTP/1.1" 200 2030
0:0:0:0:0:0:0:1 - - [15/Mar/2017:15:35:15 +0800] "GET /js/common.js HTTP/1.1" 200 4693
0:0:0:0:0:0:0:1 - - [15/Mar/2017:15:35:15 +0800] "GET /js/bg/ajaxPost.js HTTP/1.1" 200 1075
0:0:0:0:0:0:0:1 - - [15/Mar/2017:15:35:15 +0800] "GET /js/bg/atemp.js HTTP/1.1" 200 178
0:0:0:0:0:0:0:1 - - [15/Mar/2017:15:35:15 +0800] "GET /images/log_03_02.gif HTTP/1.1" 200 2149
0:0:0:0:0:0:0:1 - - [15/Mar/2017:15:35:15 +0800] "GET /js/bg/submits.js HTTP/1.1" 200 11325
0:0:0:0:0:0:0:1 - - [15/Mar/2017:15:35:15 +0800] "GET /images/log_03_03.png HTTP/1.1" 200 4499
0:0:0:0:0:0:0:1 - - [15/Mar/2017:15:35:15 +0800] "GET /images/erweima.jpg HTTP/1.1" 200 40495
0:0:0:0:0:0:0:1 - - [15/Mar/2017:15:35:15 +0800] "GET /images/icon.png HTTP/1.1" 200 30772
0:0:0:0:0:0:0:1 - - [15/Mar/2017:15:35:15 +0800] "GET /images/loginbanner.jpg HTTP/1.1" 200 658820
0:0:0:0:0:0:0:1 - - [15/Mar/2017:15:35:15 +0800] "GET /favicon.ico HTTP/1.1" 200 946
0:0:0:0:0:0:0:1 - - [15/Mar/2017:15:35:32 +0800] "GET /list-login/login HTTP/1.1" 200 21378
0:0:0:0:0:0:0:1 - - [15/Mar/2017:15:35:32 +0800] "GET /css/public.css HTTP/1.1" 200 1291
0:0:0:0:0:0:0:1 - - [15/Mar/2017:15:35:32 +0800] "GET /css/banner.css HTTP/1.1" 200 8476
0:0:0:0:0:0:0:1 - - [15/Mar/2017:15:35:32 +0800] "GET /css/index.css HTTP/1.1" 200 115402
0:0:0:0:0:0:0:1 - - [15/Mar/2017:15:35:32 +0800] "GET /js/jquery-1.11.1.min.js HTTP/1.1" 200 95786
0:0:0:0:0:0:0:1 - - [15/Mar/2017:15:35:32 +0800] "GET /js/chajian/jqkuozhan.js HTTP/1.1" 200 2030
0:0:0:0:0:0:0:1 - - [15/Mar/2017:15:35:32 +0800] "GET /js/bg/ajaxPost.js HTTP/1.1" 200 1075
0:0:0:0:0:0:0:1 - - [15/Mar/2017:15:35:32 +0800] "GET /js/bg/submits.js HTTP/1.1" 200 11325
0:0:0:0:0:0:0:1 - - [15/Mar/2017:15:35:32 +0800] "GET /images/log_03_02.gif HTTP/1.1" 200 2149
0:0:0:0:0:0:0:1 - - [15/Mar/2017:15:35:32 +0800] "GET /js/common.js HTTP/1.1" 200 4693
0:0:0:0:0:0:0:1 - - [15/Mar/2017:15:35:32 +0800] "GET /images/log_03_03.png HTTP/1.1" 200 4499
0:0:0:0:0:0:0:1 - - [15/Mar/2017:15:35:32 +0800] "GET /js/bg/atemp.js HTTP/1.1" 200 182
0:0:0:0:0:0:0:1 - - [15/Mar/2017:15:35:32 +0800] "GET /images/erweima.jpg HTTP/1.1" 200 40495
0:0:0:0:0:0:0:1 - - [15/Mar/2017:15:35:32 +0800] "GET /images/icon.png HTTP/1.1" 200 30772
0:0:0:0:0:0:0:1 - - [15/Mar/2017:15:35:33 +0800] "GET /images/loginbanner.jpg HTTP/1.1" 200 658820
0:0:0:0:0:0:0:1 - - [15/Mar/2017:15:35:33 +0800] "GET /favicon.ico HTTP/1.1" 200 946
0:0:0:0:0:0:0:1 - - [15/Mar/2017:15:47:05 +0800] "GET /list-login/login HTTP/1.1" 200 21378
0:0:0:0:0:0:0:1 - - [15/Mar/2017:15:47:05 +0800] "GET /css/public.css HTTP/1.1" 200 1291
0:0:0:0:0:0:0:1 - - [15/Mar/2017:15:47:05 +0800] "GET /js/jquery-1.11.1.min.js HTTP/1.1" 200 95786
0:0:0:0:0:0:0:1 - - [15/Mar/2017:15:47:05 +0800] "GET /css/banner.css HTTP/1.1" 200 8476
0:0:0:0:0:0:0:1 - - [15/Mar/2017:15:47:05 +0800] "GET /css/index.css HTTP/1.1" 200 115402
0:0:0:0:0:0:0:1 - - [15/Mar/2017:15:47:05 +0800] "GET /js/chajian/jqkuozhan.js HTTP/1.1" 200 2030
0:0:0:0:0:0:0:1 - - [15/Mar/2017:15:47:05 +0800] "GET /js/bg/submits.js HTTP/1.1" 200 11325
0:0:0:0:0:0:0:1 - - [15/Mar/2017:15:47:05 +0800] "GET /js/common.js HTTP/1.1" 200 4693
0:0:0:0:0:0:0:1 - - [15/Mar/2017:15:47:05 +0800] "GET /js/bg/ajaxPost.js HTTP/1.1" 200 1075
0:0:0:0:0:0:0:1 - - [15/Mar/2017:15:47:05 +0800] "GET /js/bg/atemp.js HTTP/1.1" 200 257
0:0:0:0:0:0:0:1 - - [15/Mar/2017:15:47:05 +0800] "GET /images/log_03_02.gif HTTP/1.1" 200 2149
0:0:0:0:0:0:0:1 - - [15/Mar/2017:15:47:05 +0800] "GET /images/log_03_03.png HTTP/1.1" 200 4499
0:0:0:0:0:0:0:1 - - [15/Mar/2017:15:47:05 +0800] "GET /images/erweima.jpg HTTP/1.1" 200 40495
0:0:0:0:0:0:0:1 - - [15/Mar/2017:15:47:05 +0800] "GET /images/icon.png HTTP/1.1" 200 30772
0:0:0:0:0:0:0:1 - - [15/Mar/2017:15:47:05 +0800] "GET /images/loginbanner.jpg HTTP/1.1" 200 658820
0:0:0:0:0:0:0:1 - - [15/Mar/2017:15:47:05 +0800] "GET /favicon.ico HTTP/1.1" 200 946
0:0:0:0:0:0:0:1 - - [15/Mar/2017:15:47:07 +0800] "POST /user/userThirdLogin HTTP/1.1" 302 -
0:0:0:0:0:0:0:1 - - [15/Mar/2017:15:47:11 +0800] "POST /user/userThirdLogin HTTP/1.1" 302 -
0:0:0:0:0:0:0:1 - - [15/Mar/2017:15:47:12 +0800] "POST /user/userThirdLogin HTTP/1.1" 302 -
0:0:0:0:0:0:0:1 - - [15/Mar/2017:15:47:42 +0800] "GET /list-login/login HTTP/1.1" 200 21378
0:0:0:0:0:0:0:1 - - [15/Mar/2017:15:47:42 +0800] "GET /css/public.css HTTP/1.1" 200 1291
0:0:0:0:0:0:0:1 - - [15/Mar/2017:15:47:42 +0800] "GET /css/banner.css HTTP/1.1" 200 8476
0:0:0:0:0:0:0:1 - - [15/Mar/2017:15:47:42 +0800] "GET /js/jquery-1.11.1.min.js HTTP/1.1" 200 95786
0:0:0:0:0:0:0:1 - - [15/Mar/2017:15:47:42 +0800] "GET /css/index.css HTTP/1.1" 200 115402
0:0:0:0:0:0:0:1 - - [15/Mar/2017:15:47:42 +0800] "GET /js/chajian/jqkuozhan.js HTTP/1.1" 200 2030
0:0:0:0:0:0:0:1 - - [15/Mar/2017:15:47:42 +0800] "GET /js/bg/ajaxPost.js HTTP/1.1" 200 1075
0:0:0:0:0:0:0:1 - - [15/Mar/2017:15:47:42 +0800] "GET /js/common.js HTTP/1.1" 200 4693
0:0:0:0:0:0:0:1 - - [15/Mar/2017:15:47:42 +0800] "GET /js/bg/submits.js HTTP/1.1" 200 11325
0:0:0:0:0:0:0:1 - - [15/Mar/2017:15:47:42 +0800] "GET /images/log_03_02.gif HTTP/1.1" 200 2149
0:0:0:0:0:0:0:1 - - [15/Mar/2017:15:47:42 +0800] "GET /js/bg/atemp.js HTTP/1.1" 200 283
0:0:0:0:0:0:0:1 - - [15/Mar/2017:15:47:42 +0800] "GET /images/log_03_03.png HTTP/1.1" 200 4499
0:0:0:0:0:0:0:1 - - [15/Mar/2017:15:47:42 +0800] "GET /images/icon.png HTTP/1.1" 200 30772
0:0:0:0:0:0:0:1 - - [15/Mar/2017:15:47:42 +0800] "GET /images/erweima.jpg HTTP/1.1" 200 40495
0:0:0:0:0:0:0:1 - - [15/Mar/2017:15:47:42 +0800] "GET /images/loginbanner.jpg HTTP/1.1" 200 658820
0:0:0:0:0:0:0:1 - - [15/Mar/2017:15:47:42 +0800] "GET /favicon.ico HTTP/1.1" 200 946
0:0:0:0:0:0:0:1 - - [15/Mar/2017:15:47:45 +0800] "POST /user/userThirdLogin HTTP/1.1" 302 -
0:0:0:0:0:0:0:1 - - [15/Mar/2017:15:48:24 +0800] "GET /list-login/login HTTP/1.1" 200 21378
0:0:0:0:0:0:0:1 - - [15/Mar/2017:15:48:24 +0800] "GET /css/public.css HTTP/1.1" 200 1291
0:0:0:0:0:0:0:1 - - [15/Mar/2017:15:48:24 +0800] "GET /css/banner.css HTTP/1.1" 200 8476
0:0:0:0:0:0:0:1 - - [15/Mar/2017:15:48:24 +0800] "GET /js/jquery-1.11.1.min.js HTTP/1.1" 200 95786
0:0:0:0:0:0:0:1 - - [15/Mar/2017:15:48:24 +0800] "GET /css/index.css HTTP/1.1" 200 115402
0:0:0:0:0:0:0:1 - - [15/Mar/2017:15:48:24 +0800] "GET /js/chajian/jqkuozhan.js HTTP/1.1" 200 2030
0:0:0:0:0:0:0:1 - - [15/Mar/2017:15:48:24 +0800] "GET /js/common.js HTTP/1.1" 200 4693
0:0:0:0:0:0:0:1 - - [15/Mar/2017:15:48:24 +0800] "GET /js/bg/ajaxPost.js HTTP/1.1" 200 1075
0:0:0:0:0:0:0:1 - - [15/Mar/2017:15:48:24 +0800] "GET /js/bg/atemp.js HTTP/1.1" 200 228
0:0:0:0:0:0:0:1 - - [15/Mar/2017:15:48:24 +0800] "GET /js/bg/submits.js HTTP/1.1" 200 11325
0:0:0:0:0:0:0:1 - - [15/Mar/2017:15:48:24 +0800] "GET /images/log_03_02.gif HTTP/1.1" 200 2149
0:0:0:0:0:0:0:1 - - [15/Mar/2017:15:48:24 +0800] "GET /images/log_03_03.png HTTP/1.1" 200 4499
0:0:0:0:0:0:0:1 - - [15/Mar/2017:15:48:24 +0800] "GET /images/erweima.jpg HTTP/1.1" 200 40495
0:0:0:0:0:0:0:1 - - [15/Mar/2017:15:48:24 +0800] "GET /images/icon.png HTTP/1.1" 200 30772
0:0:0:0:0:0:0:1 - - [15/Mar/2017:15:48:24 +0800] "GET /images/loginbanner.jpg HTTP/1.1" 200 658820
0:0:0:0:0:0:0:1 - - [15/Mar/2017:15:48:25 +0800] "GET /favicon.ico HTTP/1.1" 200 946
0:0:0:0:0:0:0:1 - - [15/Mar/2017:15:51:49 +0800] "GET /list-login/login HTTP/1.1" 200 21378
0:0:0:0:0:0:0:1 - - [15/Mar/2017:15:51:49 +0800] "GET /css/banner.css HTTP/1.1" 200 8476
0:0:0:0:0:0:0:1 - - [15/Mar/2017:15:51:50 +0800] "GET /css/public.css HTTP/1.1" 200 1291
0:0:0:0:0:0:0:1 - - [15/Mar/2017:15:51:50 +0800] "GET /js/jquery-1.11.1.min.js HTTP/1.1" 200 95786
0:0:0:0:0:0:0:1 - - [15/Mar/2017:15:51:50 +0800] "GET /css/index.css HTTP/1.1" 200 115402
0:0:0:0:0:0:0:1 - - [15/Mar/2017:15:51:50 +0800] "GET /js/chajian/jqkuozhan.js HTTP/1.1" 200 2030
0:0:0:0:0:0:0:1 - - [15/Mar/2017:15:51:50 +0800] "GET /js/common.js HTTP/1.1" 200 4693
0:0:0:0:0:0:0:1 - - [15/Mar/2017:15:51:50 +0800] "GET /js/bg/ajaxPost.js HTTP/1.1" 200 1075
0:0:0:0:0:0:0:1 - - [15/Mar/2017:15:51:50 +0800] "GET /js/bg/submits.js HTTP/1.1" 200 11325
0:0:0:0:0:0:0:1 - - [15/Mar/2017:15:51:50 +0800] "GET /js/bg/atemp.js HTTP/1.1" 200 238
0:0:0:0:0:0:0:1 - - [15/Mar/2017:15:51:50 +0800] "GET /images/log_03_03.png HTTP/1.1" 200 4499
0:0:0:0:0:0:0:1 - - [15/Mar/2017:15:51:50 +0800] "GET /images/erweima.jpg HTTP/1.1" 200 40495
0:0:0:0:0:0:0:1 - - [15/Mar/2017:15:51:50 +0800] "GET /images/log_03_02.gif HTTP/1.1" 200 2149
0:0:0:0:0:0:0:1 - - [15/Mar/2017:15:51:50 +0800] "GET /images/icon.png HTTP/1.1" 200 30772
0:0:0:0:0:0:0:1 - - [15/Mar/2017:15:51:50 +0800] "GET /images/loginbanner.jpg HTTP/1.1" 200 658820
0:0:0:0:0:0:0:1 - - [15/Mar/2017:15:51:50 +0800] "GET /favicon.ico HTTP/1.1" 200 946
0:0:0:0:0:0:0:1 - - [15/Mar/2017:15:55:20 +0800] "GET /list-login/login HTTP/1.1" 200 21378
0:0:0:0:0:0:0:1 - - [15/Mar/2017:15:55:20 +0800] "GET /css/public.css HTTP/1.1" 200 1291
0:0:0:0:0:0:0:1 - - [15/Mar/2017:15:55:20 +0800] "GET /css/banner.css HTTP/1.1" 200 8476
0:0:0:0:0:0:0:1 - - [15/Mar/2017:15:55:20 +0800] "GET /js/jquery-1.11.1.min.js HTTP/1.1" 200 95786
0:0:0:0:0:0:0:1 - - [15/Mar/2017:15:55:20 +0800] "GET /css/index.css HTTP/1.1" 200 115402
0:0:0:0:0:0:0:1 - - [15/Mar/2017:15:55:20 +0800] "GET /js/chajian/jqkuozhan.js HTTP/1.1" 200 2030
0:0:0:0:0:0:0:1 - - [15/Mar/2017:15:55:20 +0800] "GET /js/common.js HTTP/1.1" 200 4693
0:0:0:0:0:0:0:1 - - [15/Mar/2017:15:55:20 +0800] "GET /images/log_03_02.gif HTTP/1.1" 200 2149
0:0:0:0:0:0:0:1 - - [15/Mar/2017:15:55:20 +0800] "GET /js/bg/submits.js HTTP/1.1" 200 11325
0:0:0:0:0:0:0:1 - - [15/Mar/2017:15:55:20 +0800] "GET /js/bg/atemp.js HTTP/1.1" 200 227
0:0:0:0:0:0:0:1 - - [15/Mar/2017:15:55:20 +0800] "GET /js/bg/ajaxPost.js HTTP/1.1" 200 1075
0:0:0:0:0:0:0:1 - - [15/Mar/2017:15:55:20 +0800] "GET /images/log_03_03.png HTTP/1.1" 200 4499
0:0:0:0:0:0:0:1 - - [15/Mar/2017:15:55:20 +0800] "GET /images/erweima.jpg HTTP/1.1" 200 40495
0:0:0:0:0:0:0:1 - - [15/Mar/2017:15:55:20 +0800] "GET /images/icon.png HTTP/1.1" 200 30772
0:0:0:0:0:0:0:1 - - [15/Mar/2017:15:55:20 +0800] "GET /images/loginbanner.jpg HTTP/1.1" 200 658820
0:0:0:0:0:0:0:1 - - [15/Mar/2017:15:55:20 +0800] "GET /favicon.ico HTTP/1.1" 200 946
0:0:0:0:0:0:0:1 - - [15/Mar/2017:15:56:32 +0800] "GET /list-login/login HTTP/1.1" 200 21378
0:0:0:0:0:0:0:1 - - [15/Mar/2017:15:56:33 +0800] "GET /js/jquery-1.11.1.min.js HTTP/1.1" 200 95786
0:0:0:0:0:0:0:1 - - [15/Mar/2017:15:56:33 +0800] "GET /css/index.css HTTP/1.1" 200 115402
0:0:0:0:0:0:0:1 - - [15/Mar/2017:15:56:33 +0800] "GET /css/public.css HTTP/1.1" 200 1291
0:0:0:0:0:0:0:1 - - [15/Mar/2017:15:56:33 +0800] "GET /js/chajian/jqkuozhan.js HTTP/1.1" 200 2030
0:0:0:0:0:0:0:1 - - [15/Mar/2017:15:56:33 +0800] "GET /css/banner.css HTTP/1.1" 200 8476
0:0:0:0:0:0:0:1 - - [15/Mar/2017:15:56:33 +0800] "GET /js/common.js HTTP/1.1" 200 4693
0:0:0:0:0:0:0:1 - - [15/Mar/2017:15:56:33 +0800] "GET /js/bg/ajaxPost.js HTTP/1.1" 200 1075
0:0:0:0:0:0:0:1 - - [15/Mar/2017:15:56:33 +0800] "GET /images/log_03_02.gif HTTP/1.1" 200 2149
0:0:0:0:0:0:0:1 - - [15/Mar/2017:15:56:33 +0800] "GET /js/bg/atemp.js HTTP/1.1" 200 234
0:0:0:0:0:0:0:1 - - [15/Mar/2017:15:56:33 +0800] "GET /js/bg/submits.js HTTP/1.1" 200 11325
0:0:0:0:0:0:0:1 - - [15/Mar/2017:15:56:33 +0800] "GET /images/log_03_03.png HTTP/1.1" 200 4499
0:0:0:0:0:0:0:1 - - [15/Mar/2017:15:56:33 +0800] "GET /images/erweima.jpg HTTP/1.1" 200 40495
0:0:0:0:0:0:0:1 - - [15/Mar/2017:15:56:33 +0800] "GET /images/icon.png HTTP/1.1" 200 30772
0:0:0:0:0:0:0:1 - - [15/Mar/2017:15:56:33 +0800] "GET /images/loginbanner.jpg HTTP/1.1" 200 658820
0:0:0:0:0:0:0:1 - - [15/Mar/2017:15:57:45 +0800] "GET /list-login/login HTTP/1.1" 200 21378
0:0:0:0:0:0:0:1 - - [15/Mar/2017:15:57:45 +0800] "GET /css/public.css HTTP/1.1" 200 1291
0:0:0:0:0:0:0:1 - - [15/Mar/2017:15:57:45 +0800] "GET /css/banner.css HTTP/1.1" 200 8476
0:0:0:0:0:0:0:1 - - [15/Mar/2017:15:57:45 +0800] "GET /css/index.css HTTP/1.1" 200 115402
0:0:0:0:0:0:0:1 - - [15/Mar/2017:15:57:45 +0800] "GET /js/jquery-1.11.1.min.js HTTP/1.1" 200 95786
0:0:0:0:0:0:0:1 - - [15/Mar/2017:15:57:45 +0800] "GET /js/chajian/jqkuozhan.js HTTP/1.1" 200 2030
0:0:0:0:0:0:0:1 - - [15/Mar/2017:15:57:45 +0800] "GET /js/bg/atemp.js HTTP/1.1" 200 238
0:0:0:0:0:0:0:1 - - [15/Mar/2017:15:57:45 +0800] "GET /js/common.js HTTP/1.1" 200 4693
0:0:0:0:0:0:0:1 - - [15/Mar/2017:15:57:45 +0800] "GET /js/bg/submits.js HTTP/1.1" 200 11325
0:0:0:0:0:0:0:1 - - [15/Mar/2017:15:57:45 +0800] "GET /images/log_03_03.png HTTP/1.1" 200 4499
0:0:0:0:0:0:0:1 - - [15/Mar/2017:15:57:46 +0800] "GET /images/log_03_02.gif HTTP/1.1" 200 2149
0:0:0:0:0:0:0:1 - - [15/Mar/2017:15:57:46 +0800] "GET /js/bg/ajaxPost.js HTTP/1.1" 200 1075
0:0:0:0:0:0:0:1 - - [15/Mar/2017:15:57:46 +0800] "GET /images/erweima.jpg HTTP/1.1" 200 40495
0:0:0:0:0:0:0:1 - - [15/Mar/2017:15:57:46 +0800] "GET /images/icon.png HTTP/1.1" 200 30772
0:0:0:0:0:0:0:1 - - [15/Mar/2017:15:57:46 +0800] "GET /images/loginbanner.jpg HTTP/1.1" 200 658820
0:0:0:0:0:0:0:1 - - [15/Mar/2017:15:58:06 +0800] "GET /list-login/login HTTP/1.1" 200 21378
0:0:0:0:0:0:0:1 - - [15/Mar/2017:15:58:06 +0800] "GET /css/public.css HTTP/1.1" 200 1291
0:0:0:0:0:0:0:1 - - [15/Mar/2017:15:58:06 +0800] "GET /css/index.css HTTP/1.1" 200 115402
0:0:0:0:0:0:0:1 - - [15/Mar/2017:15:58:06 +0800] "GET /css/banner.css HTTP/1.1" 200 8476
0:0:0:0:0:0:0:1 - - [15/Mar/2017:15:58:06 +0800] "GET /js/chajian/jqkuozhan.js HTTP/1.1" 200 2030
0:0:0:0:0:0:0:1 - - [15/Mar/2017:15:58:06 +0800] "GET /js/common.js HTTP/1.1" 200 4693
0:0:0:0:0:0:0:1 - - [15/Mar/2017:15:58:06 +0800] "GET /js/bg/ajaxPost.js HTTP/1.1" 200 1075
0:0:0:0:0:0:0:1 - - [15/Mar/2017:15:58:06 +0800] "GET /js/bg/submits.js HTTP/1.1" 200 11325
0:0:0:0:0:0:0:1 - - [15/Mar/2017:15:58:06 +0800] "GET /js/bg/atemp.js HTTP/1.1" 200 215
0:0:0:0:0:0:0:1 - - [15/Mar/2017:15:58:06 +0800] "GET /js/jquery-1.11.1.min.js HTTP/1.1" 200 95786
0:0:0:0:0:0:0:1 - - [15/Mar/2017:15:58:06 +0800] "GET /images/log_03_02.gif HTTP/1.1" 200 2149
0:0:0:0:0:0:0:1 - - [15/Mar/2017:15:58:06 +0800] "GET /images/log_03_03.png HTTP/1.1" 200 4499
0:0:0:0:0:0:0:1 - - [15/Mar/2017:15:58:06 +0800] "GET /images/erweima.jpg HTTP/1.1" 200 40495
0:0:0:0:0:0:0:1 - - [15/Mar/2017:15:58:06 +0800] "GET /images/icon.png HTTP/1.1" 200 30772
0:0:0:0:0:0:0:1 - - [15/Mar/2017:15:58:06 +0800] "GET /images/loginbanner.jpg HTTP/1.1" 200 658820
0:0:0:0:0:0:0:1 - - [15/Mar/2017:15:58:19 +0800] "GET /user/userThirdLogin HTTP/1.1" 302 -
127.0.0.1 - - [15/Mar/2017:15:59:52 +0800] "GET /user/userThirdLogin HTTP/1.1" 302 -
0:0:0:0:0:0:0:1 - - [15/Mar/2017:16:00:31 +0800] "GET /list-login/login HTTP/1.1" 200 21378
0:0:0:0:0:0:0:1 - - [15/Mar/2017:16:00:31 +0800] "GET /css/public.css HTTP/1.1" 200 1291
0:0:0:0:0:0:0:1 - - [15/Mar/2017:16:00:31 +0800] "GET /css/banner.css HTTP/1.1" 200 8476
0:0:0:0:0:0:0:1 - - [15/Mar/2017:16:00:31 +0800] "GET /js/jquery-1.11.1.min.js HTTP/1.1" 200 95786
0:0:0:0:0:0:0:1 - - [15/Mar/2017:16:00:31 +0800] "GET /css/index.css HTTP/1.1" 200 115402
0:0:0:0:0:0:0:1 - - [15/Mar/2017:16:00:31 +0800] "GET /js/chajian/jqkuozhan.js HTTP/1.1" 200 2030
0:0:0:0:0:0:0:1 - - [15/Mar/2017:16:00:31 +0800] "GET /js/bg/submits.js HTTP/1.1" 200 11325
0:0:0:0:0:0:0:1 - - [15/Mar/2017:16:00:31 +0800] "GET /js/bg/ajaxPost.js HTTP/1.1" 200 1075
0:0:0:0:0:0:0:1 - - [15/Mar/2017:16:00:31 +0800] "GET /js/bg/atemp.js HTTP/1.1" 200 215
0:0:0:0:0:0:0:1 - - [15/Mar/2017:16:00:31 +0800] "GET /js/common.js HTTP/1.1" 200 4693
0:0:0:0:0:0:0:1 - - [15/Mar/2017:16:00:31 +0800] "GET /images/log_03_02.gif HTTP/1.1" 200 2149
0:0:0:0:0:0:0:1 - - [15/Mar/2017:16:00:31 +0800] "GET /images/log_03_03.png HTTP/1.1" 200 4499
0:0:0:0:0:0:0:1 - - [15/Mar/2017:16:00:31 +0800] "GET /images/erweima.jpg HTTP/1.1" 200 40495
0:0:0:0:0:0:0:1 - - [15/Mar/2017:16:00:31 +0800] "GET /images/icon.png HTTP/1.1" 200 30772
0:0:0:0:0:0:0:1 - - [15/Mar/2017:16:00:32 +0800] "GET /images/loginbanner.jpg HTTP/1.1" 200 658820
0:0:0:0:0:0:0:1 - - [15/Mar/2017:16:00:32 +0800] "GET /favicon.ico HTTP/1.1" 200 946
0:0:0:0:0:0:0:1 - - [15/Mar/2017:16:01:03 +0800] "GET /user/userThirdLogin HTTP/1.1" 302 -
0:0:0:0:0:0:0:1 - - [15/Mar/2017:16:07:07 +0800] "GET /user/userThirdLogin HTTP/1.1" 302 -
127.0.0.1 - - [15/Mar/2017:16:08:42 +0800] "GET /user/userThirdLogin?code=D1BA97D44AE0F685FB2593688572EDA5&state=e9f2faac209445f995b4cd461d993461 HTTP/1.1" 302 -
127.0.0.1 - - [15/Mar/2017:16:08:42 +0800] "GET / HTTP/1.1" 200 27586
127.0.0.1 - - [15/Mar/2017:16:08:42 +0800] "GET /css/public.css HTTP/1.1" 200 1291
127.0.0.1 - - [15/Mar/2017:16:08:43 +0800] "GET /css/banner.css HTTP/1.1" 200 8476
127.0.0.1 - - [15/Mar/2017:16:08:43 +0800] "GET /css/index.css HTTP/1.1" 200 115402
127.0.0.1 - - [15/Mar/2017:16:08:43 +0800] "GET /js/jquery-1.11.1.min.js HTTP/1.1" 200 95786
127.0.0.1 - - [15/Mar/2017:16:08:43 +0800] "GET /js/index.js HTTP/1.1" 200 3328
127.0.0.1 - - [15/Mar/2017:16:08:43 +0800] "GET /js/chajian/external.js HTTP/1.1" 200 3221
127.0.0.1 - - [15/Mar/2017:16:08:43 +0800] "GET /js/index_img.js HTTP/1.1" 200 1859
127.0.0.1 - - [15/Mar/2017:16:08:43 +0800] "GET /images/log_03_02.gif HTTP/1.1" 200 2149
127.0.0.1 - - [15/Mar/2017:16:08:43 +0800] "GET /images/log_03_03.png HTTP/1.1" 200 4499
127.0.0.1 - - [15/Mar/2017:16:08:43 +0800] "GET /images/banner1_text_1.png HTTP/1.1" 200 5621
127.0.0.1 - - [15/Mar/2017:16:08:43 +0800] "GET /images/baner1_text_2.png HTTP/1.1" 200 3039
127.0.0.1 - - [15/Mar/2017:16:08:43 +0800] "GET /images/banner2_text.png HTTP/1.1" 200 8600
127.0.0.1 - - [15/Mar/2017:16:08:43 +0800] "GET /images/banner3_text.png HTTP/1.1" 200 12792
127.0.0.1 - - [15/Mar/2017:16:08:43 +0800] "GET /images/banne3_litte_img1.png HTTP/1.1" 200 18290
127.0.0.1 - - [15/Mar/2017:16:08:43 +0800] "GET /images/banner3_little_img2.png HTTP/1.1" 200 13396
127.0.0.1 - - [15/Mar/2017:16:08:43 +0800] "GET /images/banner3_little_img3.png HTTP/1.1" 200 11109
127.0.0.1 - - [15/Mar/2017:16:08:43 +0800] "GET /images/banner1_img.png HTTP/1.1" 200 127623
127.0.0.1 - - [15/Mar/2017:16:08:43 +0800] "GET /images/banner3_little_img4.png HTTP/1.1" 200 10068
127.0.0.1 - - [15/Mar/2017:16:08:43 +0800] "GET /images/icon_swing.png HTTP/1.1" 200 959
127.0.0.1 - - [15/Mar/2017:16:08:43 +0800] "GET /images/icon_task.png HTTP/1.1" 200 983
127.0.0.1 - - [15/Mar/2017:16:08:43 +0800] "GET /images/icon_bag.png HTTP/1.1" 200 771
127.0.0.1 - - [15/Mar/2017:16:08:43 +0800] "GET /images/icon_tanlent.png HTTP/1.1" 200 1330
127.0.0.1 - - [15/Mar/2017:16:08:43 +0800] "GET /images/banner2_img.png HTTP/1.1" 200 206898
127.0.0.1 - - [15/Mar/2017:16:08:43 +0800] "GET /images/icon_call.png HTTP/1.1" 200 1326
127.0.0.1 - - [15/Mar/2017:16:08:44 +0800] "GET /images/banner1_bg_1.png HTTP/1.1" 200 11672
127.0.0.1 - - [15/Mar/2017:16:08:44 +0800] "GET /images/icon_workhall.png HTTP/1.1" 200 598
127.0.0.1 - - [15/Mar/2017:16:08:44 +0800] "GET /images/banner1_btn.png HTTP/1.1" 200 1142
127.0.0.1 - - [15/Mar/2017:16:08:44 +0800] "GET /images/banner1_lines.png HTTP/1.1" 200 919
127.0.0.1 - - [15/Mar/2017:16:08:44 +0800] "GET /images/banner4%20_img.png HTTP/1.1" 200 50876
127.0.0.1 - - [15/Mar/2017:16:08:44 +0800] "GET /images/erweima.jpg HTTP/1.1" 200 40495
127.0.0.1 - - [15/Mar/2017:16:08:44 +0800] "GET /images/shouyebg.jpg HTTP/1.1" 200 185782
127.0.0.1 - - [15/Mar/2017:16:08:44 +0800] "GET /images/banner3_img.png HTTP/1.1" 200 199471
127.0.0.1 - - [15/Mar/2017:16:08:44 +0800] "GET /images/icon.png HTTP/1.1" 200 30772
127.0.0.1 - - [15/Mar/2017:16:08:45 +0800] "GET /images/banner4_bg.png HTTP/1.1" 200 10713
127.0.0.1 - - [15/Mar/2017:16:08:46 +0800] "GET /favicon.ico HTTP/1.1" 200 946
127.0.0.1 - - [15/Mar/2017:16:08:51 +0800] "GET /images/banner2_lines.png HTTP/1.1" 200 652
127.0.0.1 - - [15/Mar/2017:16:08:56 +0800] "GET /images/banner1_btn_hover.png HTTP/1.1" 200 1567
127.0.0.1 - - [15/Mar/2017:16:09:11 +0800] "GET /user/userThirdLogin HTTP/1.1" 302 -
0:0:0:0:0:0:0:1 - - [15/Mar/2017:16:09:17 +0800] "GET /user/userThirdLogin HTTP/1.1" 302 -
0:0:0:0:0:0:0:1 - - [15/Mar/2017:16:09:18 +0800] "GET /user/userThirdLogin HTTP/1.1" 302 -
0:0:0:0:0:0:0:1 - - [15/Mar/2017:16:10:33 +0800] "GET /list-login/login HTTP/1.1" 200 21376
0:0:0:0:0:0:0:1 - - [15/Mar/2017:16:10:33 +0800] "GET /css/public.css HTTP/1.1" 200 1291
0:0:0:0:0:0:0:1 - - [15/Mar/2017:16:10:33 +0800] "GET /css/index.css HTTP/1.1" 200 115402
0:0:0:0:0:0:0:1 - - [15/Mar/2017:16:10:33 +0800] "GET /css/banner.css HTTP/1.1" 200 8476
0:0:0:0:0:0:0:1 - - [15/Mar/2017:16:10:33 +0800] "GET /js/jquery-1.11.1.min.js HTTP/1.1" 200 95786
0:0:0:0:0:0:0:1 - - [15/Mar/2017:16:10:33 +0800] "GET /js/bg/ajaxPost.js HTTP/1.1" 200 1075
0:0:0:0:0:0:0:1 - - [15/Mar/2017:16:10:33 +0800] "GET /js/common.js HTTP/1.1" 200 4693
0:0:0:0:0:0:0:1 - - [15/Mar/2017:16:10:33 +0800] "GET /js/bg/submits.js HTTP/1.1" 200 11325
0:0:0:0:0:0:0:1 - - [15/Mar/2017:16:10:33 +0800] "GET /js/chajian/jqkuozhan.js HTTP/1.1" 200 2030
0:0:0:0:0:0:0:1 - - [15/Mar/2017:16:10:33 +0800] "GET /js/bg/atemp.js HTTP/1.1" 200 215
0:0:0:0:0:0:0:1 - - [15/Mar/2017:16:10:33 +0800] "GET /images/log_03_02.gif HTTP/1.1" 200 2149
0:0:0:0:0:0:0:1 - - [15/Mar/2017:16:10:33 +0800] "GET /images/log_03_03.png HTTP/1.1" 200 4499
0:0:0:0:0:0:0:1 - - [15/Mar/2017:16:10:33 +0800] "GET /images/erweima.jpg HTTP/1.1" 200 40495
0:0:0:0:0:0:0:1 - - [15/Mar/2017:16:10:33 +0800] "GET /images/icon.png HTTP/1.1" 200 30772
0:0:0:0:0:0:0:1 - - [15/Mar/2017:16:10:33 +0800] "GET /images/loginbanner.jpg HTTP/1.1" 200 658820
0:0:0:0:0:0:0:1 - - [15/Mar/2017:16:10:43 +0800] "GET /user/userThirdLogin HTTP/1.1" 302 -
0:0:0:0:0:0:0:1 - - [15/Mar/2017:16:11:57 +0800] "GET /list-login/login HTTP/1.1" 200 21366
0:0:0:0:0:0:0:1 - - [15/Mar/2017:16:11:57 +0800] "GET /css/index.css HTTP/1.1" 200 115402
0:0:0:0:0:0:0:1 - - [15/Mar/2017:16:11:57 +0800] "GET /css/banner.css HTTP/1.1" 200 8476
0:0:0:0:0:0:0:1 - - [15/Mar/2017:16:11:57 +0800] "GET /css/public.css HTTP/1.1" 200 1291
0:0:0:0:0:0:0:1 - - [15/Mar/2017:16:11:57 +0800] "GET /js/bg/submits.js HTTP/1.1" 200 11325
0:0:0:0:0:0:0:1 - - [15/Mar/2017:16:11:57 +0800] "GET /js/chajian/jqkuozhan.js HTTP/1.1" 200 2030
0:0:0:0:0:0:0:1 - - [15/Mar/2017:16:11:57 +0800] "GET /js/bg/atemp.js HTTP/1.1" 200 74
0:0:0:0:0:0:0:1 - - [15/Mar/2017:16:11:57 +0800] "GET /js/bg/ajaxPost.js HTTP/1.1" 200 1075
0:0:0:0:0:0:0:1 - - [15/Mar/2017:16:11:57 +0800] "GET /js/common.js HTTP/1.1" 200 4693
0:0:0:0:0:0:0:1 - - [15/Mar/2017:16:11:57 +0800] "GET /js/jquery-1.11.1.min.js HTTP/1.1" 200 95786
0:0:0:0:0:0:0:1 - - [15/Mar/2017:16:11:57 +0800] "GET /images/log_03_02.gif HTTP/1.1" 200 2149
0:0:0:0:0:0:0:1 - - [15/Mar/2017:16:11:57 +0800] "GET /images/log_03_03.png HTTP/1.1" 200 4499
0:0:0:0:0:0:0:1 - - [15/Mar/2017:16:11:57 +0800] "GET /images/erweima.jpg HTTP/1.1" 200 40495
0:0:0:0:0:0:0:1 - - [15/Mar/2017:16:11:57 +0800] "GET /images/icon.png HTTP/1.1" 200 30772
0:0:0:0:0:0:0:1 - - [15/Mar/2017:16:11:57 +0800] "GET /images/loginbanner.jpg HTTP/1.1" 200 658820
0:0:0:0:0:0:0:1 - - [15/Mar/2017:16:11:58 +0800] "GET /list-login/login HTTP/1.1" 200 21366
0:0:0:0:0:0:0:1 - - [15/Mar/2017:16:11:58 +0800] "GET /css/public.css HTTP/1.1" 200 1291
0:0:0:0:0:0:0:1 - - [15/Mar/2017:16:11:58 +0800] "GET /js/jquery-1.11.1.min.js HTTP/1.1" 200 95786
0:0:0:0:0:0:0:1 - - [15/Mar/2017:16:11:58 +0800] "GET /css/index.css HTTP/1.1" 200 115402
0:0:0:0:0:0:0:1 - - [15/Mar/2017:16:11:58 +0800] "GET /css/banner.css HTTP/1.1" 200 8476
0:0:0:0:0:0:0:1 - - [15/Mar/2017:16:11:58 +0800] "GET /js/chajian/jqkuozhan.js HTTP/1.1" 200 2030
0:0:0:0:0:0:0:1 - - [15/Mar/2017:16:11:58 +0800] "GET /js/common.js HTTP/1.1" 200 4693
0:0:0:0:0:0:0:1 - - [15/Mar/2017:16:11:58 +0800] "GET /js/bg/ajaxPost.js HTTP/1.1" 200 1075
0:0:0:0:0:0:0:1 - - [15/Mar/2017:16:11:58 +0800] "GET /js/bg/submits.js HTTP/1.1" 200 11325
0:0:0:0:0:0:0:1 - - [15/Mar/2017:16:11:58 +0800] "GET /js/bg/atemp.js HTTP/1.1" 200 74
0:0:0:0:0:0:0:1 - - [15/Mar/2017:16:11:58 +0800] "GET /images/log_03_03.png HTTP/1.1" 200 4499
0:0:0:0:0:0:0:1 - - [15/Mar/2017:16:11:58 +0800] "GET /images/erweima.jpg HTTP/1.1" 200 40495
0:0:0:0:0:0:0:1 - - [15/Mar/2017:16:11:58 +0800] "GET /images/log_03_02.gif HTTP/1.1" 200 2149
0:0:0:0:0:0:0:1 - - [15/Mar/2017:16:11:58 +0800] "GET /images/icon.png HTTP/1.1" 200 30772
0:0:0:0:0:0:0:1 - - [15/Mar/2017:16:11:58 +0800] "GET /images/loginbanner.jpg HTTP/1.1" 200 658820
0:0:0:0:0:0:0:1 - - [15/Mar/2017:16:11:59 +0800] "GET /list-login/login HTTP/1.1" 200 21366
0:0:0:0:0:0:0:1 - - [15/Mar/2017:16:11:59 +0800] "GET /css/public.css HTTP/1.1" 200 1291
0:0:0:0:0:0:0:1 - - [15/Mar/2017:16:11:59 +0800] "GET /css/banner.css HTTP/1.1" 200 8476
0:0:0:0:0:0:0:1 - - [15/Mar/2017:16:11:59 +0800] "GET /css/index.css HTTP/1.1" 200 115402
0:0:0:0:0:0:0:1 - - [15/Mar/2017:16:11:59 +0800] "GET /js/jquery-1.11.1.min.js HTTP/1.1" 200 95786
0:0:0:0:0:0:0:1 - - [15/Mar/2017:16:11:59 +0800] "GET /js/chajian/jqkuozhan.js HTTP/1.1" 200 2030
0:0:0:0:0:0:0:1 - - [15/Mar/2017:16:11:59 +0800] "GET /js/common.js HTTP/1.1" 200 4693
0:0:0:0:0:0:0:1 - - [15/Mar/2017:16:11:59 +0800] "GET /js/bg/ajaxPost.js HTTP/1.1" 200 1075
0:0:0:0:0:0:0:1 - - [15/Mar/2017:16:11:59 +0800] "GET /js/bg/submits.js HTTP/1.1" 200 11325
0:0:0:0:0:0:0:1 - - [15/Mar/2017:16:11:59 +0800] "GET /js/bg/atemp.js HTTP/1.1" 200 74
0:0:0:0:0:0:0:1 - - [15/Mar/2017:16:11:59 +0800] "GET /images/log_03_02.gif HTTP/1.1" 200 2149
0:0:0:0:0:0:0:1 - - [15/Mar/2017:16:11:59 +0800] "GET /images/log_03_03.png HTTP/1.1" 200 4499
0:0:0:0:0:0:0:1 - - [15/Mar/2017:16:11:59 +0800] "GET /images/erweima.jpg HTTP/1.1" 200 40495
0:0:0:0:0:0:0:1 - - [15/Mar/2017:16:11:59 +0800] "GET /images/icon.png HTTP/1.1" 200 30772
0:0:0:0:0:0:0:1 - - [15/Mar/2017:16:11:59 +0800] "GET /images/loginbanner.jpg HTTP/1.1" 200 658820
0:0:0:0:0:0:0:1 - - [15/Mar/2017:16:11:59 +0800] "GET /list-login/login HTTP/1.1" 200 21366
0:0:0:0:0:0:0:1 - - [15/Mar/2017:16:11:59 +0800] "GET /css/public.css HTTP/1.1" 200 1291
0:0:0:0:0:0:0:1 - - [15/Mar/2017:16:11:59 +0800] "GET /js/jquery-1.11.1.min.js HTTP/1.1" 200 16384
0:0:0:0:0:0:0:1 - - [15/Mar/2017:16:11:59 +0800] "GET /css/banner.css HTTP/1.1" 200 8476
0:0:0:0:0:0:0:1 - - [15/Mar/2017:16:11:59 +0800] "GET /list-login/login HTTP/1.1" 200 21366
0:0:0:0:0:0:0:1 - - [15/Mar/2017:16:11:59 +0800] "GET /css/index.css HTTP/1.1" 200 115402
0:0:0:0:0:0:0:1 - - [15/Mar/2017:16:11:59 +0800] "GET /js/common.js HTTP/1.1" 200 4693
0:0:0:0:0:0:0:1 - - [15/Mar/2017:16:11:59 +0800] "GET /js/bg/atemp.js HTTP/1.1" 200 74
0:0:0:0:0:0:0:1 - - [15/Mar/2017:16:11:59 +0800] "GET /js/bg/ajaxPost.js HTTP/1.1" 200 1075
0:0:0:0:0:0:0:1 - - [15/Mar/2017:16:11:59 +0800] "GET /js/bg/submits.js HTTP/1.1" 200 11325
0:0:0:0:0:0:0:1 - - [15/Mar/2017:16:11:59 +0800] "GET /images/log_03_03.png HTTP/1.1" 200 4499
0:0:0:0:0:0:0:1 - - [15/Mar/2017:16:11:59 +0800] "GET /images/log_03_02.gif HTTP/1.1" 200 2149
0:0:0:0:0:0:0:1 - - [15/Mar/2017:16:11:59 +0800] "GET /images/erweima.jpg HTTP/1.1" 200 40495
0:0:0:0:0:0:0:1 - - [15/Mar/2017:16:11:59 +0800] "GET /js/chajian/jqkuozhan.js HTTP/1.1" 200 2030
0:0:0:0:0:0:0:1 - - [15/Mar/2017:16:11:59 +0800] "GET /css/public.css HTTP/1.1" 200 1291
0:0:0:0:0:0:0:1 - - [15/Mar/2017:16:11:59 +0800] "GET /css/banner.css HTTP/1.1" 200 8476
0:0:0:0:0:0:0:1 - - [15/Mar/2017:16:11:59 +0800] "GET /js/jquery-1.11.1.min.js HTTP/1.1" 200 95786
0:0:0:0:0:0:0:1 - - [15/Mar/2017:16:11:59 +0800] "GET /js/chajian/jqkuozhan.js HTTP/1.1" 200 2030
0:0:0:0:0:0:0:1 - - [15/Mar/2017:16:11:59 +0800] "GET /css/index.css HTTP/1.1" 200 115402
0:0:0:0:0:0:0:1 - - [15/Mar/2017:16:11:59 +0800] "GET /js/common.js HTTP/1.1" 200 4693
0:0:0:0:0:0:0:1 - - [15/Mar/2017:16:11:59 +0800] "GET /js/bg/atemp.js HTTP/1.1" 200 74
0:0:0:0:0:0:0:1 - - [15/Mar/2017:16:11:59 +0800] "GET /images/log_03_02.gif HTTP/1.1" 200 2149
0:0:0:0:0:0:0:1 - - [15/Mar/2017:16:11:59 +0800] "GET /js/bg/ajaxPost.js HTTP/1.1" 200 1075
0:0:0:0:0:0:0:1 - - [15/Mar/2017:16:11:59 +0800] "GET /js/bg/submits.js HTTP/1.1" 200 11325
0:0:0:0:0:0:0:1 - - [15/Mar/2017:16:11:59 +0800] "GET /images/log_03_03.png HTTP/1.1" 200 4499
0:0:0:0:0:0:0:1 - - [15/Mar/2017:16:11:59 +0800] "GET /images/erweima.jpg HTTP/1.1" 200 40495
0:0:0:0:0:0:0:1 - - [15/Mar/2017:16:11:59 +0800] "GET /images/icon.png HTTP/1.1" 200 30772
0:0:0:0:0:0:0:1 - - [15/Mar/2017:16:11:59 +0800] "GET /images/loginbanner.jpg HTTP/1.1" 200 658820
0:0:0:0:0:0:0:1 - - [15/Mar/2017:16:11:59 +0800] "GET /list-login/login HTTP/1.1" 200 21366
0:0:0:0:0:0:0:1 - - [15/Mar/2017:16:11:59 +0800] "GET /css/public.css HTTP/1.1" 200 1291
0:0:0:0:0:0:0:1 - - [15/Mar/2017:16:11:59 +0800] "GET /css/banner.css HTTP/1.1" 200 8476
0:0:0:0:0:0:0:1 - - [15/Mar/2017:16:12:00 +0800] "GET /js/jquery-1.11.1.min.js HTTP/1.1" 200 95786
0:0:0:0:0:0:0:1 - - [15/Mar/2017:16:12:00 +0800] "GET /css/index.css HTTP/1.1" 200 115402
0:0:0:0:0:0:0:1 - - [15/Mar/2017:16:12:00 +0800] "GET /js/common.js HTTP/1.1" 200 4693
0:0:0:0:0:0:0:1 - - [15/Mar/2017:16:12:00 +0800] "GET /js/bg/ajaxPost.js HTTP/1.1" 200 1075
0:0:0:0:0:0:0:1 - - [15/Mar/2017:16:12:00 +0800] "GET /js/chajian/jqkuozhan.js HTTP/1.1" 200 2030
0:0:0:0:0:0:0:1 - - [15/Mar/2017:16:12:00 +0800] "GET /js/bg/submits.js HTTP/1.1" 200 11325
0:0:0:0:0:0:0:1 - - [15/Mar/2017:16:12:00 +0800] "GET /js/bg/atemp.js HTTP/1.1" 200 74
0:0:0:0:0:0:0:1 - - [15/Mar/2017:16:12:00 +0800] "GET /images/log_03_02.gif HTTP/1.1" 200 2149
0:0:0:0:0:0:0:1 - - [15/Mar/2017:16:12:00 +0800] "GET /images/log_03_03.png HTTP/1.1" 200 4499
0:0:0:0:0:0:0:1 - - [15/Mar/2017:16:12:00 +0800] "GET /images/erweima.jpg HTTP/1.1" 200 40495
0:0:0:0:0:0:0:1 - - [15/Mar/2017:16:12:00 +0800] "GET /list-login/login HTTP/1.1" 200 21366
0:0:0:0:0:0:0:1 - - [15/Mar/2017:16:12:00 +0800] "GET /css/public.css HTTP/1.1" 200 1291
0:0:0:0:0:0:0:1 - - [15/Mar/2017:16:12:00 +0800] "GET /css/banner.css HTTP/1.1" 200 8476
0:0:0:0:0:0:0:1 - - [15/Mar/2017:16:12:00 +0800] "GET /js/jquery-1.11.1.min.js HTTP/1.1" 200 95786
0:0:0:0:0:0:0:1 - - [15/Mar/2017:16:12:00 +0800] "GET /css/index.css HTTP/1.1" 200 115402
0:0:0:0:0:0:0:1 - - [15/Mar/2017:16:12:00 +0800] "GET /js/common.js HTTP/1.1" 200 4693
0:0:0:0:0:0:0:1 - - [15/Mar/2017:16:12:00 +0800] "GET /js/bg/ajaxPost.js HTTP/1.1" 200 1075
0:0:0:0:0:0:0:1 - - [15/Mar/2017:16:12:00 +0800] "GET /js/bg/submits.js HTTP/1.1" 200 11325
0:0:0:0:0:0:0:1 - - [15/Mar/2017:16:12:00 +0800] "GET /js/chajian/jqkuozhan.js HTTP/1.1" 200 2030
0:0:0:0:0:0:0:1 - - [15/Mar/2017:16:12:00 +0800] "GET /js/bg/atemp.js HTTP/1.1" 200 74
0:0:0:0:0:0:0:1 - - [15/Mar/2017:16:12:00 +0800] "GET /images/log_03_02.gif HTTP/1.1" 200 2149
0:0:0:0:0:0:0:1 - - [15/Mar/2017:16:12:00 +0800] "GET /images/log_03_03.png HTTP/1.1" 200 4499
0:0:0:0:0:0:0:1 - - [15/Mar/2017:16:12:00 +0800] "GET /images/erweima.jpg HTTP/1.1" 200 40495
0:0:0:0:0:0:0:1 - - [15/Mar/2017:16:12:00 +0800] "GET /images/icon.png HTTP/1.1" 200 30772
0:0:0:0:0:0:0:1 - - [15/Mar/2017:16:12:00 +0800] "GET /images/loginbanner.jpg HTTP/1.1" 200 658820
0:0:0:0:0:0:0:1 - - [15/Mar/2017:16:12:02 +0800] "GET /user/userThirdLogin HTTP/1.1" 302 -
127.0.0.1 - - [15/Mar/2017:16:12:17 +0800] "GET /user/userThirdLogin?code=469C6489DF29EB619047148CEF746C35&state=b55bb8a289174f3d92a9737c646958fe HTTP/1.1" 302 -
127.0.0.1 - - [15/Mar/2017:16:12:17 +0800] "GET / HTTP/1.1" 200 27586
127.0.0.1 - - [15/Mar/2017:16:12:55 +0800] "GET /list-login/zhuce HTTP/1.1" 200 21574
0:0:0:0:0:0:0:1 - - [15/Mar/2017:16:13:02 +0800] "GET /user/wxLogin HTTP/1.1" 302 -
127.0.0.1 - - [15/Mar/2017:16:31:04 +0800] "GET / HTTP/1.1" 200 27610
127.0.0.1 - - [15/Mar/2017:16:31:04 +0800] "GET /css/public.css HTTP/1.1" 200 1291
127.0.0.1 - - [15/Mar/2017:16:31:04 +0800] "GET /css/banner.css HTTP/1.1" 200 8476
127.0.0.1 - - [15/Mar/2017:16:31:04 +0800] "GET /css/index.css HTTP/1.1" 200 115402
127.0.0.1 - - [15/Mar/2017:16:31:05 +0800] "GET /js/index.js HTTP/1.1" 200 3328
127.0.0.1 - - [15/Mar/2017:16:31:05 +0800] "GET /js/jquery-1.11.1.min.js HTTP/1.1" 200 95786
127.0.0.1 - - [15/Mar/2017:16:31:05 +0800] "GET /js/chajian/external.js HTTP/1.1" 200 3221
127.0.0.1 - - [15/Mar/2017:16:31:05 +0800] "GET /js/index_img.js HTTP/1.1" 200 1859
127.0.0.1 - - [15/Mar/2017:16:31:05 +0800] "GET /images/log_03_02.gif HTTP/1.1" 200 2149
127.0.0.1 - - [15/Mar/2017:16:31:05 +0800] "GET /images/log_03_03.png HTTP/1.1" 200 8983
127.0.0.1 - - [15/Mar/2017:16:31:05 +0800] "GET /images/banner1_text_1.png HTTP/1.1" 200 5621
127.0.0.1 - - [15/Mar/2017:16:31:05 +0800] "GET /images/baner1_text_2.png HTTP/1.1" 200 3039
127.0.0.1 - - [15/Mar/2017:16:31:05 +0800] "GET /images/banner2_text.png HTTP/1.1" 200 8600
127.0.0.1 - - [15/Mar/2017:16:31:05 +0800] "GET /images/banner3_text.png HTTP/1.1" 200 12792
127.0.0.1 - - [15/Mar/2017:16:31:05 +0800] "GET /images/banne3_litte_img1.png HTTP/1.1" 200 18290
127.0.0.1 - - [15/Mar/2017:16:31:05 +0800] "GET /images/banner3_little_img2.png HTTP/1.1" 200 13396
127.0.0.1 - - [15/Mar/2017:16:31:05 +0800] "GET /images/banner3_little_img3.png HTTP/1.1" 200 11109
127.0.0.1 - - [15/Mar/2017:16:31:05 +0800] "GET /images/banner3_little_img4.png HTTP/1.1" 200 10068
127.0.0.1 - - [15/Mar/2017:16:31:05 +0800] "GET /images/erweima.jpg HTTP/1.1" 200 40495
127.0.0.1 - - [15/Mar/2017:16:31:05 +0800] "GET /images/banner4%20_img.png HTTP/1.1" 200 50876
127.0.0.1 - - [15/Mar/2017:16:31:05 +0800] "GET /images/icon_swing.png HTTP/1.1" 200 959
127.0.0.1 - - [15/Mar/2017:16:31:05 +0800] "GET /images/banner1_img.png HTTP/1.1" 200 127623
127.0.0.1 - - [15/Mar/2017:16:31:05 +0800] "GET /images/icon_task.png HTTP/1.1" 200 983
127.0.0.1 - - [15/Mar/2017:16:31:06 +0800] "GET /images/icon_bag.png HTTP/1.1" 200 771
127.0.0.1 - - [15/Mar/2017:16:31:06 +0800] "GET /images/banner3_img.png HTTP/1.1" 200 199471
127.0.0.1 - - [15/Mar/2017:16:31:06 +0800] "GET /images/icon_tanlent.png HTTP/1.1" 200 1330
127.0.0.1 - - [15/Mar/2017:16:31:06 +0800] "GET /images/icon_call.png HTTP/1.1" 200 1326
127.0.0.1 - - [15/Mar/2017:16:31:06 +0800] "GET /images/icon_workhall.png HTTP/1.1" 200 598
127.0.0.1 - - [15/Mar/2017:16:31:06 +0800] "GET /images/banner1_bg_1.png HTTP/1.1" 200 11672
127.0.0.1 - - [15/Mar/2017:16:31:06 +0800] "GET /images/banner1_btn.png HTTP/1.1" 200 1142
127.0.0.1 - - [15/Mar/2017:16:31:06 +0800] "GET /images/banner1_lines.png HTTP/1.1" 200 919
127.0.0.1 - - [15/Mar/2017:16:31:06 +0800] "GET /images/banner2_img.png HTTP/1.1" 200 206898
127.0.0.1 - - [15/Mar/2017:16:31:06 +0800] "GET /images/icon.png HTTP/1.1" 200 30772
127.0.0.1 - - [15/Mar/2017:16:31:06 +0800] "GET /images/banner4_bg.png HTTP/1.1" 200 10713
127.0.0.1 - - [15/Mar/2017:16:31:06 +0800] "GET /images/shouyebg.jpg HTTP/1.1" 200 185782
127.0.0.1 - - [15/Mar/2017:16:31:07 +0800] "GET /list-login/login HTTP/1.1" 200 21390
127.0.0.1 - - [15/Mar/2017:16:31:07 +0800] "GET /js/common.js HTTP/1.1" 200 4693
127.0.0.1 - - [15/Mar/2017:16:31:07 +0800] "GET /images/icon.png HTTP/1.1" 206 1
127.0.0.1 - - [15/Mar/2017:16:31:07 +0800] "GET /js/bg/ajaxPost.js HTTP/1.1" 200 1075
127.0.0.1 - - [15/Mar/2017:16:31:07 +0800] "GET /js/chajian/jqkuozhan.js HTTP/1.1" 200 2030
127.0.0.1 - - [15/Mar/2017:16:31:07 +0800] "GET /js/bg/atemp.js HTTP/1.1" 200 74
127.0.0.1 - - [15/Mar/2017:16:31:07 +0800] "GET /js/bg/submits.js HTTP/1.1" 200 11325
127.0.0.1 - - [15/Mar/2017:16:31:07 +0800] "GET /images/icon.png HTTP/1.1" 206 874
127.0.0.1 - - [15/Mar/2017:16:31:08 +0800] "GET /images/loginbanner.jpg HTTP/1.1" 200 658820
127.0.0.1 - - [15/Mar/2017:16:31:08 +0800] "GET /favicon.ico HTTP/1.1" 200 946
127.0.0.1 - - [15/Mar/2017:16:31:12 +0800] "GET /user/wxLogin HTTP/1.1" 302 -
127.0.0.1 - - [15/Mar/2017:16:31:19 +0800] "GET /list-login/login HTTP/1.1" 200 21390
127.0.0.1 - - [15/Mar/2017:16:31:24 +0800] "POST /page/user/login HTTP/1.1" 200 64
127.0.0.1 - - [15/Mar/2017:16:31:43 +0800] "POST /page/user/login HTTP/1.1" 200 64
127.0.0.1 - - [15/Mar/2017:16:32:31 +0800] "POST /page/user/login HTTP/1.1" 200 64
127.0.0.1 - - [15/Mar/2017:16:32:34 +0800] "POST /page/user/login HTTP/1.1" 200 1044
127.0.0.1 - - [15/Mar/2017:16:32:35 +0800] "GET /index HTTP/1.1" 200 30203
127.0.0.1 - - [15/Mar/2017:16:32:35 +0800] "GET /images/icon_shiming_hover.png HTTP/1.1" 200 676
127.0.0.1 - - [15/Mar/2017:16:32:35 +0800] "GET /images/icon_msg.png HTTP/1.1" 200 907
127.0.0.1 - - [15/Mar/2017:16:32:35 +0800] "GET /images/log_03_03.png HTTP/1.1" 304 -
127.0.0.1 - - [15/Mar/2017:16:32:35 +0800] "GET /images/skill_3.png HTTP/1.1" 200 473
127.0.0.1 - - [15/Mar/2017:16:32:35 +0800] "GET /images/skill_4.png HTTP/1.1" 200 402
127.0.0.1 - - [15/Mar/2017:16:32:35 +0800] "GET /images/icon_shiming_1.png HTTP/1.1" 200 529
127.0.0.1 - - [15/Mar/2017:16:32:35 +0800] "GET /images/icon_msg_hover.png HTTP/1.1" 200 1216
127.0.0.1 - - [15/Mar/2017:16:32:35 +0800] "GET /headimg/74_1489556182956.jpg HTTP/1.1" 200 -
127.0.0.1 - - [15/Mar/2017:16:32:35 +0800] "GET /images/shouyebg.jpg HTTP/1.1" 206 1
127.0.0.1 - - [15/Mar/2017:16:32:35 +0800] "GET /images/shouyebg.jpg HTTP/1.1" 206 13590
127.0.0.1 - - [15/Mar/2017:16:32:41 +0800] "GET /images/banner2_lines.png HTTP/1.1" 200 652
127.0.0.1 - - [15/Mar/2017:16:32:51 +0800] "GET /list-fuwushang/fuwushang HTTP/1.1" 200 26708
127.0.0.1 - - [15/Mar/2017:16:32:51 +0800] "GET /headimg/74_1489556182956.jpg HTTP/1.1" 200 -
127.0.0.1 - - [15/Mar/2017:16:32:51 +0800] "GET /headimg/74_1489556182956.jpg HTTP/1.1" 200 -
127.0.0.1 - - [15/Mar/2017:16:37:52 +0800] "GET / HTTP/1.1" 200 27610
0:0:0:0:0:0:0:1 - - [15/Mar/2017:17:05:42 +0800] "GET / HTTP/1.1" 200 27610
0:0:0:0:0:0:0:1 - - [15/Mar/2017:17:05:42 +0800] "GET /js/index.js HTTP/1.1" 200 3328
0:0:0:0:0:0:0:1 - - [15/Mar/2017:17:05:42 +0800] "GET /images/baner1_text_2.png HTTP/1.1" 200 3039
0:0:0:0:0:0:0:1 - - [15/Mar/2017:17:05:42 +0800] "GET /js/chajian/external.js HTTP/1.1" 200 3221
0:0:0:0:0:0:0:1 - - [15/Mar/2017:17:05:42 +0800] "GET /images/banner1_text_1.png HTTP/1.1" 200 5621
0:0:0:0:0:0:0:1 - - [15/Mar/2017:17:05:42 +0800] "GET /images/banner2_text.png HTTP/1.1" 200 8600
0:0:0:0:0:0:0:1 - - [15/Mar/2017:17:05:42 +0800] "GET /js/index_img.js HTTP/1.1" 200 1859
0:0:0:0:0:0:0:1 - - [15/Mar/2017:17:05:42 +0800] "GET /images/banner3_little_img2.png HTTP/1.1" 200 13396
0:0:0:0:0:0:0:1 - - [15/Mar/2017:17:05:42 +0800] "GET /images/banner3_text.png HTTP/1.1" 200 12792
0:0:0:0:0:0:0:1 - - [15/Mar/2017:17:05:42 +0800] "GET /images/banner3_little_img3.png HTTP/1.1" 200 11109
0:0:0:0:0:0:0:1 - - [15/Mar/2017:17:05:42 +0800] "GET /images/banne3_litte_img1.png HTTP/1.1" 200 18290
0:0:0:0:0:0:0:1 - - [15/Mar/2017:17:05:42 +0800] "GET /images/banner1_img.png HTTP/1.1" 200 127623
0:0:0:0:0:0:0:1 - - [15/Mar/2017:17:05:42 +0800] "GET /images/banner3_little_img4.png HTTP/1.1" 200 10068
0:0:0:0:0:0:0:1 - - [15/Mar/2017:17:05:43 +0800] "GET /images/banner1_bg_1.png HTTP/1.1" 200 11672
0:0:0:0:0:0:0:1 - - [15/Mar/2017:17:05:43 +0800] "GET /images/banner4_bg.png HTTP/1.1" 200 10713
0:0:0:0:0:0:0:1 - - [15/Mar/2017:17:05:43 +0800] "GET /images/banner2_img.png HTTP/1.1" 200 206898
0:0:0:0:0:0:0:1 - - [15/Mar/2017:17:05:43 +0800] "GET /images/icon_swing.png HTTP/1.1" 200 959
0:0:0:0:0:0:0:1 - - [15/Mar/2017:17:05:43 +0800] "GET /images/banner4%20_img.png HTTP/1.1" 200 50876
0:0:0:0:0:0:0:1 - - [15/Mar/2017:17:05:43 +0800] "GET /images/icon_task.png HTTP/1.1" 200 983
0:0:0:0:0:0:0:1 - - [15/Mar/2017:17:05:43 +0800] "GET /images/icon_workhall.png HTTP/1.1" 200 598
0:0:0:0:0:0:0:1 - - [15/Mar/2017:17:05:43 +0800] "GET /images/icon_bag.png HTTP/1.1" 200 771
0:0:0:0:0:0:0:1 - - [15/Mar/2017:17:05:43 +0800] "GET /images/icon_tanlent.png HTTP/1.1" 200 1330
0:0:0:0:0:0:0:1 - - [15/Mar/2017:17:05:43 +0800] "GET /images/icon_call.png HTTP/1.1" 200 1326
0:0:0:0:0:0:0:1 - - [15/Mar/2017:17:05:43 +0800] "GET /images/banner3_img.png HTTP/1.1" 200 199471
0:0:0:0:0:0:0:1 - - [15/Mar/2017:17:05:43 +0800] "GET /images/banner1_lines.png HTTP/1.1" 200 919
0:0:0:0:0:0:0:1 - - [15/Mar/2017:17:05:43 +0800] "GET /images/banner1_btn.png HTTP/1.1" 200 1142
0:0:0:0:0:0:0:1 - - [15/Mar/2017:17:05:43 +0800] "GET /images/shouyebg.jpg HTTP/1.1" 200 185782
0:0:0:0:0:0:0:1 - - [15/Mar/2017:17:05:51 +0800] "GET /images/banner2_lines.png HTTP/1.1" 200 652
0:0:0:0:0:0:0:1 - - [15/Mar/2017:17:08:49 +0800] "GET / HTTP/1.1" 200 27610
0:0:0:0:0:0:0:1 - - [15/Mar/2017:17:09:41 +0800] "GET / HTTP/1.1" 200 27610
0:0:0:0:0:0:0:1 - - [15/Mar/2017:17:09:41 +0800] "GET /js/jquery-1.11.1.min.js HTTP/1.1" 200 95786
0:0:0:0:0:0:0:1 - - [15/Mar/2017:17:09:41 +0800] "GET /css/public.css HTTP/1.1" 200 1291
0:0:0:0:0:0:0:1 - - [15/Mar/2017:17:09:41 +0800] "GET /css/banner.css HTTP/1.1" 200 8476
0:0:0:0:0:0:0:1 - - [15/Mar/2017:17:09:41 +0800] "GET /css/index.css HTTP/1.1" 200 115402
0:0:0:0:0:0:0:1 - - [15/Mar/2017:17:09:41 +0800] "GET /js/index.js HTTP/1.1" 200 3328
0:0:0:0:0:0:0:1 - - [15/Mar/2017:17:09:41 +0800] "GET /js/chajian/external.js HTTP/1.1" 200 3221
0:0:0:0:0:0:0:1 - - [15/Mar/2017:17:09:41 +0800] "GET /images/banner1_text_1.png HTTP/1.1" 200 5621
0:0:0:0:0:0:0:1 - - [15/Mar/2017:17:09:41 +0800] "GET /images/baner1_text_2.png HTTP/1.1" 200 3039
0:0:0:0:0:0:0:1 - - [15/Mar/2017:17:09:41 +0800] "GET /images/log_03_02.gif HTTP/1.1" 200 2149
0:0:0:0:0:0:0:1 - - [15/Mar/2017:17:09:41 +0800] "GET /images/log_03_03.png HTTP/1.1" 200 8983
0:0:0:0:0:0:0:1 - - [15/Mar/2017:17:09:41 +0800] "GET /js/index_img.js HTTP/1.1" 200 1859
0:0:0:0:0:0:0:1 - - [15/Mar/2017:17:09:41 +0800] "GET /images/banner3_text.png HTTP/1.1" 200 12792
0:0:0:0:0:0:0:1 - - [15/Mar/2017:17:09:41 +0800] "GET /images/banner2_text.png HTTP/1.1" 200 8600
0:0:0:0:0:0:0:1 - - [15/Mar/2017:17:09:41 +0800] "GET /images/banne3_litte_img1.png HTTP/1.1" 200 18290
0:0:0:0:0:0:0:1 - - [15/Mar/2017:17:09:41 +0800] "GET /images/banner3_little_img2.png HTTP/1.1" 200 13396
0:0:0:0:0:0:0:1 - - [15/Mar/2017:17:09:42 +0800] "GET /images/banner3_little_img3.png HTTP/1.1" 200 11109
0:0:0:0:0:0:0:1 - - [15/Mar/2017:17:09:42 +0800] "GET /images/banner3_little_img4.png HTTP/1.1" 200 10068
0:0:0:0:0:0:0:1 - - [15/Mar/2017:17:09:42 +0800] "GET /images/banner1_img.png HTTP/1.1" 200 127623
0:0:0:0:0:0:0:1 - - [15/Mar/2017:17:09:42 +0800] "GET /images/icon_bag.png HTTP/1.1" 200 771
0:0:0:0:0:0:0:1 - - [15/Mar/2017:17:09:42 +0800] "GET /images/icon_task.png HTTP/1.1" 200 983
0:0:0:0:0:0:0:1 - - [15/Mar/2017:17:09:42 +0800] "GET /images/icon_call.png HTTP/1.1" 200 1326
0:0:0:0:0:0:0:1 - - [15/Mar/2017:17:09:42 +0800] "GET /images/icon_swing.png HTTP/1.1" 200 959
0:0:0:0:0:0:0:1 - - [15/Mar/2017:17:09:42 +0800] "GET /images/icon_workhall.png HTTP/1.1" 200 598
0:0:0:0:0:0:0:1 - - [15/Mar/2017:17:09:42 +0800] "GET /images/icon_tanlent.png HTTP/1.1" 200 1330
0:0:0:0:0:0:0:1 - - [15/Mar/2017:17:09:42 +0800] "GET /images/banner1_lines.png HTTP/1.1" 200 919
0:0:0:0:0:0:0:1 - - [15/Mar/2017:17:09:42 +0800] "GET /images/banner4%20_img.png HTTP/1.1" 200 50876
0:0:0:0:0:0:0:1 - - [15/Mar/2017:17:09:42 +0800] "GET /images/banner1_bg_1.png HTTP/1.1" 200 11672
0:0:0:0:0:0:0:1 - - [15/Mar/2017:17:09:42 +0800] "GET /images/banner1_btn.png HTTP/1.1" 200 1142
0:0:0:0:0:0:0:1 - - [15/Mar/2017:17:09:42 +0800] "GET /images/banner3_img.png HTTP/1.1" 200 199471
0:0:0:0:0:0:0:1 - - [15/Mar/2017:17:09:42 +0800] "GET /images/icon.png HTTP/1.1" 200 30772
0:0:0:0:0:0:0:1 - - [15/Mar/2017:17:09:42 +0800] "GET /images/erweima.jpg HTTP/1.1" 200 40495
0:0:0:0:0:0:0:1 - - [15/Mar/2017:17:09:42 +0800] "GET /images/banner2_img.png HTTP/1.1" 200 206898
0:0:0:0:0:0:0:1 - - [15/Mar/2017:17:09:42 +0800] "GET /images/banner4_bg.png HTTP/1.1" 200 10713
0:0:0:0:0:0:0:1 - - [15/Mar/2017:17:09:42 +0800] "GET /images/shouyebg.jpg HTTP/1.1" 200 185782
0:0:0:0:0:0:0:1 - - [15/Mar/2017:17:09:42 +0800] "GET /favicon.ico HTTP/1.1" 200 946
0:0:0:0:0:0:0:1 - - [15/Mar/2017:17:09:47 +0800] "GET /images/banner2_lines.png HTTP/1.1" 200 652
