0:0:0:0:0:0:0:1 - - [03/Mar/2017:14:49:55 +0800] "GET /list-fabaodt/fabaodating HTTP/1.1" 200 21214
0:0:0:0:0:0:0:1 - - [03/Mar/2017:14:49:55 +0800] "GET /css/banner.css HTTP/1.1" 200 8476
0:0:0:0:0:0:0:1 - - [03/Mar/2017:14:49:55 +0800] "GET /css/public.css HTTP/1.1" 200 801
0:0:0:0:0:0:0:1 - - [03/Mar/2017:14:49:55 +0800] "GET /js/jquery-1.11.1.min.js HTTP/1.1" 200 95786
0:0:0:0:0:0:0:1 - - [03/Mar/2017:14:49:55 +0800] "GET /css/index.css HTTP/1.1" 200 112520
0:0:0:0:0:0:0:1 - - [03/Mar/2017:14:49:55 +0800] "GET /js/chajian/jqkuozhan.js HTTP/1.1" 200 2070
0:0:0:0:0:0:0:1 - - [03/Mar/2017:14:49:55 +0800] "GET /images/log_03_02.gif HTTP/1.1" 200 2149
0:0:0:0:0:0:0:1 - - [03/Mar/2017:14:49:56 +0800] "GET /js/common.js HTTP/1.1" 200 5252
0:0:0:0:0:0:0:1 - - [03/Mar/2017:14:49:56 +0800] "GET /js/bg/atemp.js HTTP/1.1" 200 74
0:0:0:0:0:0:0:1 - - [03/Mar/2017:14:49:56 +0800] "GET /js/bg/ajaxPost.js HTTP/1.1" 200 1075
0:0:0:0:0:0:0:1 - - [03/Mar/2017:14:49:56 +0800] "GET /js/bg/submits.js HTTP/1.1" 200 11314
0:0:0:0:0:0:0:1 - - [03/Mar/2017:14:49:56 +0800] "GET /images/log_03_03.png HTTP/1.1" 200 4499
0:0:0:0:0:0:0:1 - - [03/Mar/2017:14:49:56 +0800] "GET /images/erweima.jpg HTTP/1.1" 200 40495
0:0:0:0:0:0:0:1 - - [03/Mar/2017:14:49:56 +0800] "GET /images/icon.png HTTP/1.1" 200 30772
0:0:0:0:0:0:0:1 - - [03/Mar/2017:14:49:56 +0800] "GET /images/loginbanner.jpg HTTP/1.1" 200 658820
0:0:0:0:0:0:0:1 - - [03/Mar/2017:14:49:56 +0800] "GET /favicon.ico HTTP/1.1" 200 946
0:0:0:0:0:0:0:1 - - [03/Mar/2017:14:50:45 +0800] "POST /page/user/login HTTP/1.1" 200 913
0:0:0:0:0:0:0:1 - - [03/Mar/2017:14:50:45 +0800] "POST /page/user/login HTTP/1.1" 200 913
0:0:0:0:0:0:0:1 - - [03/Mar/2017:14:50:45 +0800] "POST /page/user/login HTTP/1.1" 200 913
0:0:0:0:0:0:0:1 - - [03/Mar/2017:14:50:45 +0800] "POST /page/user/login HTTP/1.1" 200 913
0:0:0:0:0:0:0:1 - - [03/Mar/2017:14:50:45 +0800] "POST /page/user/login HTTP/1.1" 200 913
0:0:0:0:0:0:0:1 - - [03/Mar/2017:14:50:45 +0800] "POST /page/user/login HTTP/1.1" 200 913
0:0:0:0:0:0:0:1 - - [03/Mar/2017:14:50:45 +0800] "POST /page/user/login HTTP/1.1" 200 913
0:0:0:0:0:0:0:1 - - [03/Mar/2017:14:50:45 +0800] "POST /page/user/login HTTP/1.1" 200 913
0:0:0:0:0:0:0:1 - - [03/Mar/2017:14:50:45 +0800] "POST /page/user/login HTTP/1.1" 200 913
0:0:0:0:0:0:0:1 - - [03/Mar/2017:14:50:45 +0800] "POST /page/user/login HTTP/1.1" 200 913
0:0:0:0:0:0:0:1 - - [03/Mar/2017:14:50:45 +0800] "POST /page/user/login HTTP/1.1" 200 913
0:0:0:0:0:0:0:1 - - [03/Mar/2017:14:50:45 +0800] "POST /page/user/login HTTP/1.1" 200 913
0:0:0:0:0:0:0:1 - - [03/Mar/2017:14:50:46 +0800] "POST /page/user/login HTTP/1.1" 200 913
0:0:0:0:0:0:0:1 - - [03/Mar/2017:14:50:46 +0800] "GET /index HTTP/1.1" 200 29495
0:0:0:0:0:0:0:1 - - [03/Mar/2017:14:50:46 +0800] "GET /js/index.js HTTP/1.1" 200 3328
0:0:0:0:0:0:0:1 - - [03/Mar/2017:14:50:46 +0800] "GET /js/chajian/external.js HTTP/1.1" 200 3221
0:0:0:0:0:0:0:1 - - [03/Mar/2017:14:50:46 +0800] "GET /images/icon_shiming_1.png HTTP/1.1" 200 529
0:0:0:0:0:0:0:1 - - [03/Mar/2017:14:50:46 +0800] "GET /js/index_img.js HTTP/1.1" 200 1859
0:0:0:0:0:0:0:1 - - [03/Mar/2017:14:50:46 +0800] "GET /index HTTP/1.1" 200 8206
0:0:0:0:0:0:0:1 - - [03/Mar/2017:14:50:46 +0800] "GET /img/asag.jpg HTTP/1.1" 200 27172
0:0:0:0:0:0:0:1 - - [03/Mar/2017:14:50:46 +0800] "GET /images/icon_shiming_hover.png HTTP/1.1" 200 676
0:0:0:0:0:0:0:1 - - [03/Mar/2017:14:50:46 +0800] "GET /images/icon_msg.png HTTP/1.1" 200 907
0:0:0:0:0:0:0:1 - - [03/Mar/2017:14:50:46 +0800] "GET /images/icon_msg_hover.png HTTP/1.1" 200 1216
0:0:0:0:0:0:0:1 - - [03/Mar/2017:14:50:46 +0800] "GET /images/baner1_text_2.png HTTP/1.1" 200 3039
0:0:0:0:0:0:0:1 - - [03/Mar/2017:14:50:46 +0800] "GET /images/banner1_text_1.png HTTP/1.1" 200 5621
0:0:0:0:0:0:0:1 - - [03/Mar/2017:14:50:46 +0800] "GET /images/banner2_text.png HTTP/1.1" 200 8600
0:0:0:0:0:0:0:1 - - [03/Mar/2017:14:50:46 +0800] "GET /images/icon_task.png HTTP/1.1" 200 983
0:0:0:0:0:0:0:1 - - [03/Mar/2017:14:50:46 +0800] "GET /images/icon_bag.png HTTP/1.1" 200 771
0:0:0:0:0:0:0:1 - - [03/Mar/2017:14:50:46 +0800] "GET /images/icon_workhall.png HTTP/1.1" 200 598
0:0:0:0:0:0:0:1 - - [03/Mar/2017:14:50:46 +0800] "GET /images/icon_swing.png HTTP/1.1" 200 959
0:0:0:0:0:0:0:1 - - [03/Mar/2017:14:50:46 +0800] "GET /images/icon_call.png HTTP/1.1" 200 1326
0:0:0:0:0:0:0:1 - - [03/Mar/2017:14:50:46 +0800] "GET /images/icon_tanlent.png HTTP/1.1" 200 1330
0:0:0:0:0:0:0:1 - - [03/Mar/2017:14:50:46 +0800] "GET /images/banner1_btn.png HTTP/1.1" 200 1142
0:0:0:0:0:0:0:1 - - [03/Mar/2017:14:50:46 +0800] "GET /images/banner1_lines.png HTTP/1.1" 200 919
0:0:0:0:0:0:0:1 - - [03/Mar/2017:14:50:46 +0800] "GET /images/banner1_img.png HTTP/1.1" 200 127623
0:0:0:0:0:0:0:1 - - [03/Mar/2017:14:50:46 +0800] "GET /images/banner1_bg_1.png HTTP/1.1" 200 11672
0:0:0:0:0:0:0:1 - - [03/Mar/2017:14:50:46 +0800] "GET /images/banner3_text.png HTTP/1.1" 200 12792
0:0:0:0:0:0:0:1 - - [03/Mar/2017:14:50:46 +0800] "GET /images/banner2_img.png HTTP/1.1" 200 206898
0:0:0:0:0:0:0:1 - - [03/Mar/2017:14:50:46 +0800] "GET /images/banne3_litte_img1.png HTTP/1.1" 200 18290
0:0:0:0:0:0:0:1 - - [03/Mar/2017:14:50:46 +0800] "GET /images/banner3_little_img2.png HTTP/1.1" 200 13396
0:0:0:0:0:0:0:1 - - [03/Mar/2017:14:50:46 +0800] "GET /images/banner3_little_img3.png HTTP/1.1" 200 11109
0:0:0:0:0:0:0:1 - - [03/Mar/2017:14:50:46 +0800] "GET /images/banner4_bg.png HTTP/1.1" 200 10713
0:0:0:0:0:0:0:1 - - [03/Mar/2017:14:50:46 +0800] "GET /images/banner4%20_img.png HTTP/1.1" 200 50876
0:0:0:0:0:0:0:1 - - [03/Mar/2017:14:50:46 +0800] "GET /images/banner3_img.png HTTP/1.1" 200 199471
0:0:0:0:0:0:0:1 - - [03/Mar/2017:14:50:46 +0800] "GET /images/banner3_little_img4.png HTTP/1.1" 200 10068
0:0:0:0:0:0:0:1 - - [03/Mar/2017:14:50:46 +0800] "GET /images/shouyebg.jpg HTTP/1.1" 200 185782
0:0:0:0:0:0:0:1 - - [03/Mar/2017:14:50:51 +0800] "GET /images/banner2_lines.png HTTP/1.1" 200 652
0:0:0:0:0:0:0:1 - - [03/Mar/2017:14:51:03 +0800] "GET /list-fabaodt/fabaodating HTTP/1.1" 200 40495
0:0:0:0:0:0:0:1 - - [03/Mar/2017:14:51:03 +0800] "GET /css/city-cg.css HTTP/1.1" 200 1475
0:0:0:0:0:0:0:1 - - [03/Mar/2017:14:51:03 +0800] "GET /css/progress.css HTTP/1.1" 200 5407
0:0:0:0:0:0:0:1 - - [03/Mar/2017:14:51:03 +0800] "GET /js/city-cgjs/address.js HTTP/1.1" 200 60706
0:0:0:0:0:0:0:1 - - [03/Mar/2017:14:51:03 +0800] "GET /js/chajian/jquery.select.js HTTP/1.1" 200 2714
0:0:0:0:0:0:0:1 - - [03/Mar/2017:14:51:03 +0800] "GET /laydate/laydate.js HTTP/1.1" 200 13877
0:0:0:0:0:0:0:1 - - [03/Mar/2017:14:51:03 +0800] "GET /js/bg/ajaxfileupload.js HTTP/1.1" 200 6859
0:0:0:0:0:0:0:1 - - [03/Mar/2017:14:51:03 +0800] "GET /js/list/Popup.js HTTP/1.1" 200 561
0:0:0:0:0:0:0:1 - - [03/Mar/2017:14:51:03 +0800] "GET /js/progress.js HTTP/1.1" 200 1139
0:0:0:0:0:0:0:1 - - [03/Mar/2017:14:51:03 +0800] "GET /js/list/fabao.js HTTP/1.1" 200 9403
0:0:0:0:0:0:0:1 - - [03/Mar/2017:14:51:03 +0800] "GET /js/bg/fabaodatingfileupload.js HTTP/1.1" 200 1027
0:0:0:0:0:0:0:1 - - [03/Mar/2017:14:51:03 +0800] "GET /laydate/need/laydate.css HTTP/1.1" 200 5943
0:0:0:0:0:0:0:1 - - [03/Mar/2017:14:51:03 +0800] "GET /laydate/skins/default/laydate.css HTTP/1.1" 200 3575
0:0:0:0:0:0:0:1 - - [03/Mar/2017:14:51:03 +0800] "GET /laydate/skins/default/icon.png HTTP/1.1" 200 314
0:0:0:0:0:0:0:1 - - [03/Mar/2017:14:53:42 +0800] "POST /page/task/insert HTTP/1.1" 200 55
0:0:0:0:0:0:0:1 - - [03/Mar/2017:14:53:43 +0800] "GET /list-guzhu/guzhufang HTTP/1.1" 200 24465
0:0:0:0:0:0:0:1 - - [03/Mar/2017:14:53:56 +0800] "GET /list-guzhu/guzhufang HTTP/1.1" 200 23302
0:0:0:0:0:0:0:1 - - [03/Mar/2017:14:53:56 +0800] "GET /favicon.ico HTTP/1.1" 200 946
0:0:0:0:0:0:0:1 - - [03/Mar/2017:14:53:58 +0800] "GET /list-guzhu/guzhu-daiqianding HTTP/1.1" 200 25147
0:0:0:0:0:0:0:1 - - [03/Mar/2017:14:54:57 +0800] "GET /list-guzhu/guzhu-daiqianding HTTP/1.1" 200 25147
0:0:0:0:0:0:0:1 - - [03/Mar/2017:14:54:57 +0800] "GET /favicon.ico HTTP/1.1" 200 946
0:0:0:0:0:0:0:1 - - [03/Mar/2017:14:54:59 +0800] "GET /list-guzhu/guzhu-xuanzerencai/1 HTTP/1.1" 200 22172
0:0:0:0:0:0:0:1 - - [03/Mar/2017:14:54:59 +0800] "GET /js/bg/tender.js HTTP/1.1" 200 1839
0:0:0:0:0:0:0:1 - - [03/Mar/2017:14:55:02 +0800] "GET /list-guzhu/guzhu-gongzuoshi/1 HTTP/1.1" 200 23145
0:0:0:0:0:0:0:1 - - [03/Mar/2017:14:55:07 +0800] "POST /page/tender/selection HTTP/1.1" 200 46
0:0:0:0:0:0:0:1 - - [03/Mar/2017:14:55:12 +0800] "GET /list-guzhu/guzhu-gongzuoshi/1 HTTP/1.1" 200 23145
0:0:0:0:0:0:0:1 - - [03/Mar/2017:14:55:12 +0800] "GET /favicon.ico HTTP/1.1" 200 946
0:0:0:0:0:0:0:1 - - [03/Mar/2017:14:55:16 +0800] "POST /page/tender/selection HTTP/1.1" 200 91
0:0:0:0:0:0:0:1 - - [03/Mar/2017:14:55:20 +0800] "GET /list-guzhu/guzhufang HTTP/1.1" 200 23302
0:0:0:0:0:0:0:1 - - [03/Mar/2017:14:55:22 +0800] "GET /list-guzhu/guzhufang HTTP/1.1" 200 23302
0:0:0:0:0:0:0:1 - - [03/Mar/2017:14:55:22 +0800] "GET /favicon.ico HTTP/1.1" 200 946
0:0:0:0:0:0:0:1 - - [03/Mar/2017:14:55:23 +0800] "GET /list-guzhu/guzhu-daiqianding HTTP/1.1" 200 25159
0:0:0:0:0:0:0:1 - - [03/Mar/2017:15:02:46 +0800] "GET /list-guzhu/guzhu-daiqianding HTTP/1.1" 200 25165
0:0:0:0:0:0:0:1 - - [03/Mar/2017:15:02:46 +0800] "GET /css/banner.css HTTP/1.1" 304 -
0:0:0:0:0:0:0:1 - - [03/Mar/2017:15:02:46 +0800] "GET /js/jquery-1.11.1.min.js HTTP/1.1" 304 -
0:0:0:0:0:0:0:1 - - [03/Mar/2017:15:02:46 +0800] "GET /css/index.css HTTP/1.1" 304 -
0:0:0:0:0:0:0:1 - - [03/Mar/2017:15:02:46 +0800] "GET /css/public.css HTTP/1.1" 304 -
0:0:0:0:0:0:0:1 - - [03/Mar/2017:15:02:46 +0800] "GET /js/bg/ajaxPost.js HTTP/1.1" 304 -
0:0:0:0:0:0:0:1 - - [03/Mar/2017:15:02:46 +0800] "GET /js/chajian/jqkuozhan.js HTTP/1.1" 304 -
0:0:0:0:0:0:0:1 - - [03/Mar/2017:15:02:46 +0800] "GET /images/icon_shiming_1.png HTTP/1.1" 304 -
0:0:0:0:0:0:0:1 - - [03/Mar/2017:15:02:46 +0800] "GET /img/asag.jpg HTTP/1.1" 304 -
0:0:0:0:0:0:0:1 - - [03/Mar/2017:15:02:46 +0800] "GET /images/log_03_02.gif HTTP/1.1" 304 -
0:0:0:0:0:0:0:1 - - [03/Mar/2017:15:02:46 +0800] "GET /images/icon_shiming_hover.png HTTP/1.1" 304 -
0:0:0:0:0:0:0:1 - - [03/Mar/2017:15:02:46 +0800] "GET /images/log_03_03.png HTTP/1.1" 304 -
0:0:0:0:0:0:0:1 - - [03/Mar/2017:15:02:46 +0800] "GET /images/icon_msg.png HTTP/1.1" 304 -
0:0:0:0:0:0:0:1 - - [03/Mar/2017:15:02:46 +0800] "GET /images/icon_msg_hover.png HTTP/1.1" 304 -
0:0:0:0:0:0:0:1 - - [03/Mar/2017:15:02:46 +0800] "GET /images/erweima.jpg HTTP/1.1" 304 -
0:0:0:0:0:0:0:1 - - [03/Mar/2017:15:02:46 +0800] "GET /favicon.ico HTTP/1.1" 200 946
0:0:0:0:0:0:0:1 - - [03/Mar/2017:15:02:49 +0800] "GET /list-guzhu/hetong/1 HTTP/1.1" 200 35415
0:0:0:0:0:0:0:1 - - [03/Mar/2017:15:02:49 +0800] "GET /js/chajian/jquery.select.js HTTP/1.1" 304 -
0:0:0:0:0:0:0:1 - - [03/Mar/2017:15:02:49 +0800] "GET /images/icon.png HTTP/1.1" 304 -
0:0:0:0:0:0:0:1 - - [03/Mar/2017:15:02:49 +0800] "GET /js/bg/task.js HTTP/1.1" 200 7938
0:0:0:0:0:0:0:1 - - [03/Mar/2017:15:02:49 +0800] "GET /js/bg/contract.js HTTP/1.1" 200 3100
0:0:0:0:0:0:0:1 - - [03/Mar/2017:15:03:07 +0800] "POST /page/task/setContractState HTTP/1.1" 200 49
0:0:0:0:0:0:0:1 - - [03/Mar/2017:15:03:08 +0800] "GET /list-guzhu/hetong/1 HTTP/1.1" 200 23418
0:0:0:0:0:0:0:1 - - [03/Mar/2017:15:05:46 +0800] "GET /list-guzhu/hetong/1 HTTP/1.1" 200 35415
0:0:0:0:0:0:0:1 - - [03/Mar/2017:15:05:46 +0800] "GET /favicon.ico HTTP/1.1" 200 946
0:0:0:0:0:0:0:1 - - [03/Mar/2017:15:05:49 +0800] "POST /page/task/setContractState HTTP/1.1" 200 49
0:0:0:0:0:0:0:1 - - [03/Mar/2017:15:05:52 +0800] "GET /list-guzhu/hetong/1 HTTP/1.1" 200 54990
0:0:0:0:0:0:0:1 - - [03/Mar/2017:15:05:52 +0800] "GET /js/common.js HTTP/1.1" 304 -
0:0:0:0:0:0:0:1 - - [03/Mar/2017:15:05:52 +0800] "GET /images/tongyi.png HTTP/1.1" 200 4722
0:0:0:0:0:0:0:1 - - [03/Mar/2017:15:06:11 +0800] "GET /list-guzhu/guzhu-gongzuotai/1 HTTP/1.1" 200 31743
0:0:0:0:0:0:0:1 - - [03/Mar/2017:15:06:11 +0800] "GET /js/chajian/checkbox.js HTTP/1.1" 200 4176
0:0:0:0:0:0:0:1 - - [03/Mar/2017:15:06:11 +0800] "GET /laydate/laydate.js HTTP/1.1" 304 -
0:0:0:0:0:0:0:1 - - [03/Mar/2017:15:06:11 +0800] "GET /js/bg/taskModel.js HTTP/1.1" 200 2688
0:0:0:0:0:0:0:1 - - [03/Mar/2017:15:06:11 +0800] "GET /js/guzhu-common.js HTTP/1.1" 200 4649
0:0:0:0:0:0:0:1 - - [03/Mar/2017:15:06:11 +0800] "GET /laydate/skins/default/laydate.css HTTP/1.1" 304 -
0:0:0:0:0:0:0:1 - - [03/Mar/2017:15:06:11 +0800] "GET /laydate/need/laydate.css HTTP/1.1" 304 -
0:0:0:0:0:0:0:1 - - [03/Mar/2017:15:11:25 +0800] "GET /people/people HTTP/1.1" 200 33356
0:0:0:0:0:0:0:1 - - [03/Mar/2017:15:11:25 +0800] "GET /css/banner.css HTTP/1.1" 304 -
0:0:0:0:0:0:0:1 - - [03/Mar/2017:15:11:25 +0800] "GET /css/public.css HTTP/1.1" 304 -
0:0:0:0:0:0:0:1 - - [03/Mar/2017:15:11:25 +0800] "GET /css/people.css HTTP/1.1" 200 11379
0:0:0:0:0:0:0:1 - - [03/Mar/2017:15:11:25 +0800] "GET /css/common.css HTTP/1.1" 200 4167
0:0:0:0:0:0:0:1 - - [03/Mar/2017:15:11:25 +0800] "GET /js/jquery-1.11.1.min.js HTTP/1.1" 304 -
0:0:0:0:0:0:0:1 - - [03/Mar/2017:15:11:25 +0800] "GET /css/index.css HTTP/1.1" 304 -
0:0:0:0:0:0:0:1 - - [03/Mar/2017:15:11:25 +0800] "GET /js/chajian/jquery.select.js HTTP/1.1" 304 -
0:0:0:0:0:0:0:1 - - [03/Mar/2017:15:11:25 +0800] "GET /js/list/fabao.js HTTP/1.1" 304 -
0:0:0:0:0:0:0:1 - - [03/Mar/2017:15:11:25 +0800] "GET /js/chajian/jquery.page.js HTTP/1.1" 200 3009
0:0:0:0:0:0:0:1 - - [03/Mar/2017:15:11:25 +0800] "GET /js/chajian/jqkuozhan.js HTTP/1.1" 304 -
0:0:0:0:0:0:0:1 - - [03/Mar/2017:15:11:25 +0800] "GET /js/bg/ajaxPost.js HTTP/1.1" 304 -
0:0:0:0:0:0:0:1 - - [03/Mar/2017:15:11:25 +0800] "GET /js/list/people.js HTTP/1.1" 200 766
0:0:0:0:0:0:0:1 - - [03/Mar/2017:15:11:25 +0800] "GET /images/icon_msg_hover.png HTTP/1.1" 304 -
0:0:0:0:0:0:0:1 - - [03/Mar/2017:15:11:25 +0800] "GET /img/asag.jpg HTTP/1.1" 304 -
0:0:0:0:0:0:0:1 - - [03/Mar/2017:15:11:25 +0800] "GET /images/icon_msg.png HTTP/1.1" 304 -
0:0:0:0:0:0:0:1 - - [03/Mar/2017:15:11:25 +0800] "GET /images/icon_shiming_hover.png HTTP/1.1" 304 -
0:0:0:0:0:0:0:1 - - [03/Mar/2017:15:11:25 +0800] "GET /images/icon_shiming_1.png HTTP/1.1" 304 -
0:0:0:0:0:0:0:1 - - [03/Mar/2017:15:11:25 +0800] "GET /images/log_03_03.png HTTP/1.1" 304 -
0:0:0:0:0:0:0:1 - - [03/Mar/2017:15:11:25 +0800] "GET /images/log_03_02.gif HTTP/1.1" 304 -
0:0:0:0:0:0:0:1 - - [03/Mar/2017:15:11:25 +0800] "GET /js/bg/task.js HTTP/1.1" 304 -
0:0:0:0:0:0:0:1 - - [03/Mar/2017:15:11:25 +0800] "GET /images/erweima.jpg HTTP/1.1" 304 -
0:0:0:0:0:0:0:1 - - [03/Mar/2017:15:11:25 +0800] "GET /images/work/des1.png HTTP/1.1" 200 1831
0:0:0:0:0:0:0:1 - - [03/Mar/2017:15:11:25 +0800] "GET /js/bg/page.js HTTP/1.1" 200 1574
0:0:0:0:0:0:0:1 - - [03/Mar/2017:15:11:25 +0800] "GET /images/work/des2.png HTTP/1.1" 200 1915
0:0:0:0:0:0:0:1 - - [03/Mar/2017:15:11:25 +0800] "GET /images/work/des5.png HTTP/1.1" 200 2034
0:0:0:0:0:0:0:1 - - [03/Mar/2017:15:11:25 +0800] "GET /images/work/des3.png HTTP/1.1" 200 1657
0:0:0:0:0:0:0:1 - - [03/Mar/2017:15:11:25 +0800] "GET /images/icon.png HTTP/1.1" 304 -
0:0:0:0:0:0:0:1 - - [03/Mar/2017:15:11:25 +0800] "GET /images/work/search.png HTTP/1.1" 200 1404
0:0:0:0:0:0:0:1 - - [03/Mar/2017:15:11:25 +0800] "GET /images/work/des4.png HTTP/1.1" 200 2904
0:0:0:0:0:0:0:1 - - [03/Mar/2017:15:11:25 +0800] "GET /images/work/des7.png HTTP/1.1" 200 2414
0:0:0:0:0:0:0:1 - - [03/Mar/2017:15:11:25 +0800] "GET /images/work/des6.png HTTP/1.1" 200 3193
0:0:0:0:0:0:0:1 - - [03/Mar/2017:15:11:25 +0800] "GET /images/work/v.png HTTP/1.1" 200 1149
0:0:0:0:0:0:0:1 - - [03/Mar/2017:15:11:31 +0800] "GET /list-guzhu/guzhufang HTTP/1.1" 200 23302
0:0:0:0:0:0:0:1 - - [03/Mar/2017:15:11:32 +0800] "GET /list-guzhu/guzhu-working HTTP/1.1" 200 25155
0:0:0:0:0:0:0:1 - - [03/Mar/2017:15:11:34 +0800] "GET /list-guzhu/guzhu-gongzuotai/1 HTTP/1.1" 200 32676
0:0:0:0:0:0:0:1 - - [03/Mar/2017:15:13:31 +0800] "GET /list-guzhu/guzhufang HTTP/1.1" 200 23302
0:0:0:0:0:0:0:1 - - [03/Mar/2017:15:13:33 +0800] "GET /list-guzhu/guzhu-xiaoxihuifu HTTP/1.1" 200 23432
0:0:0:0:0:0:0:1 - - [03/Mar/2017:15:13:35 +0800] "GET /list-guzhu/guzhu-xiaoxihuifu-task HTTP/1.1" 200 23427
0:0:0:0:0:0:0:1 - - [03/Mar/2017:15:13:35 +0800] "GET /list-guzhu/guzhu-xiaoxihuifu-msg HTTP/1.1" 200 23428
0:0:0:0:0:0:0:1 - - [03/Mar/2017:15:13:36 +0800] "GET /list-guzhu/guzhu-xiaoxihuifu HTTP/1.1" 200 23432
0:0:0:0:0:0:0:1 - - [03/Mar/2017:16:12:29 +0800] "GET /list-guzhu/guzhufang HTTP/1.1" 200 21214
0:0:0:0:0:0:0:1 - - [03/Mar/2017:16:12:29 +0800] "GET /css/index.css HTTP/1.1" 304 -
0:0:0:0:0:0:0:1 - - [03/Mar/2017:16:12:29 +0800] "GET /css/public.css HTTP/1.1" 304 -
0:0:0:0:0:0:0:1 - - [03/Mar/2017:16:12:29 +0800] "GET /js/jquery-1.11.1.min.js HTTP/1.1" 304 -
0:0:0:0:0:0:0:1 - - [03/Mar/2017:16:12:29 +0800] "GET /css/banner.css HTTP/1.1" 304 -
0:0:0:0:0:0:0:1 - - [03/Mar/2017:16:12:29 +0800] "GET /js/chajian/jqkuozhan.js HTTP/1.1" 304 -
0:0:0:0:0:0:0:1 - - [03/Mar/2017:16:12:29 +0800] "GET /js/bg/submits.js HTTP/1.1" 304 -
0:0:0:0:0:0:0:1 - - [03/Mar/2017:16:12:29 +0800] "GET /images/log_03_02.gif HTTP/1.1" 304 -
0:0:0:0:0:0:0:1 - - [03/Mar/2017:16:12:30 +0800] "GET /js/bg/ajaxPost.js HTTP/1.1" 304 -
0:0:0:0:0:0:0:1 - - [03/Mar/2017:16:12:30 +0800] "GET /images/erweima.jpg HTTP/1.1" 304 -
0:0:0:0:0:0:0:1 - - [03/Mar/2017:16:12:30 +0800] "GET /images/icon.png HTTP/1.1" 304 -
0:0:0:0:0:0:0:1 - - [03/Mar/2017:16:12:30 +0800] "GET /images/loginbanner.jpg HTTP/1.1" 304 -
0:0:0:0:0:0:0:1 - - [03/Mar/2017:16:12:30 +0800] "GET /js/bg/atemp.js HTTP/1.1" 304 -
0:0:0:0:0:0:0:1 - - [03/Mar/2017:16:12:30 +0800] "GET /js/common.js HTTP/1.1" 304 -
0:0:0:0:0:0:0:1 - - [03/Mar/2017:16:12:30 +0800] "GET /images/log_03_03.png HTTP/1.1" 304 -
0:0:0:0:0:0:0:1 - - [03/Mar/2017:16:13:16 +0800] "POST /page/user/login HTTP/1.1" 200 64
0:0:0:0:0:0:0:1 - - [03/Mar/2017:16:13:23 +0800] "GET /list-login/login HTTP/1.1" 200 21202
0:0:0:0:0:0:0:1 - - [03/Mar/2017:16:13:28 +0800] "POST /page/user/login HTTP/1.1" 200 958
0:0:0:0:0:0:0:1 - - [03/Mar/2017:16:13:29 +0800] "GET /index HTTP/1.1" 200 29531
0:0:0:0:0:0:0:1 - - [03/Mar/2017:16:13:29 +0800] "GET /img/asag.jpg HTTP/1.1" 304 -
0:0:0:0:0:0:0:1 - - [03/Mar/2017:16:13:29 +0800] "GET /images/icon_shiming_hover.png HTTP/1.1" 304 -
0:0:0:0:0:0:0:1 - - [03/Mar/2017:16:13:29 +0800] "GET /js/index_img.js HTTP/1.1" 304 -
0:0:0:0:0:0:0:1 - - [03/Mar/2017:16:13:29 +0800] "GET /js/index.js HTTP/1.1" 304 -
0:0:0:0:0:0:0:1 - - [03/Mar/2017:16:13:29 +0800] "GET /js/chajian/external.js HTTP/1.1" 304 -
0:0:0:0:0:0:0:1 - - [03/Mar/2017:16:13:29 +0800] "GET /images/icon_msg_hover.png HTTP/1.1" 304 -
0:0:0:0:0:0:0:1 - - [03/Mar/2017:16:13:29 +0800] "GET /images/icon_msg.png HTTP/1.1" 304 -
0:0:0:0:0:0:0:1 - - [03/Mar/2017:16:13:29 +0800] "GET /images/banner1_text_1.png HTTP/1.1" 304 -
0:0:0:0:0:0:0:1 - - [03/Mar/2017:16:13:29 +0800] "GET /images/icon_shiming_1.png HTTP/1.1" 304 -
0:0:0:0:0:0:0:1 - - [03/Mar/2017:16:13:29 +0800] "GET /images/baner1_text_2.png HTTP/1.1" 304 -
0:0:0:0:0:0:0:1 - - [03/Mar/2017:16:13:29 +0800] "GET /images/icon_task.png HTTP/1.1" 304 -
0:0:0:0:0:0:0:1 - - [03/Mar/2017:16:13:29 +0800] "GET /images/icon_bag.png HTTP/1.1" 304 -
0:0:0:0:0:0:0:1 - - [03/Mar/2017:16:13:29 +0800] "GET /images/icon_swing.png HTTP/1.1" 304 -
0:0:0:0:0:0:0:1 - - [03/Mar/2017:16:13:29 +0800] "GET /images/icon_workhall.png HTTP/1.1" 304 -
0:0:0:0:0:0:0:1 - - [03/Mar/2017:16:13:29 +0800] "GET /images/icon_call.png HTTP/1.1" 304 -
0:0:0:0:0:0:0:1 - - [03/Mar/2017:16:13:29 +0800] "GET /images/icon_tanlent.png HTTP/1.1" 304 -
0:0:0:0:0:0:0:1 - - [03/Mar/2017:16:13:29 +0800] "GET /images/banner1_img.png HTTP/1.1" 304 -
0:0:0:0:0:0:0:1 - - [03/Mar/2017:16:13:29 +0800] "GET /images/banner2_text.png HTTP/1.1" 304 -
0:0:0:0:0:0:0:1 - - [03/Mar/2017:16:13:29 +0800] "GET /images/banner3_text.png HTTP/1.1" 304 -
0:0:0:0:0:0:0:1 - - [03/Mar/2017:16:13:29 +0800] "GET /images/banner3_little_img2.png HTTP/1.1" 304 -
0:0:0:0:0:0:0:1 - - [03/Mar/2017:16:13:29 +0800] "GET /images/banner1_btn.png HTTP/1.1" 304 -
0:0:0:0:0:0:0:1 - - [03/Mar/2017:16:13:29 +0800] "GET /images/banne3_litte_img1.png HTTP/1.1" 304 -
0:0:0:0:0:0:0:1 - - [03/Mar/2017:16:13:29 +0800] "GET /images/banner2_img.png HTTP/1.1" 304 -
0:0:0:0:0:0:0:1 - - [03/Mar/2017:16:13:29 +0800] "GET /images/banner1_lines.png HTTP/1.1" 304 -
0:0:0:0:0:0:0:1 - - [03/Mar/2017:16:13:29 +0800] "GET /images/banner3_little_img3.png HTTP/1.1" 304 -
0:0:0:0:0:0:0:1 - - [03/Mar/2017:16:13:29 +0800] "GET /images/banner1_bg_1.png HTTP/1.1" 304 -
0:0:0:0:0:0:0:1 - - [03/Mar/2017:16:13:29 +0800] "GET /images/banner3_little_img4.png HTTP/1.1" 304 -
0:0:0:0:0:0:0:1 - - [03/Mar/2017:16:13:29 +0800] "GET /images/banner3_img.png HTTP/1.1" 304 -
0:0:0:0:0:0:0:1 - - [03/Mar/2017:16:13:29 +0800] "GET /images/banner4%20_img.png HTTP/1.1" 304 -
0:0:0:0:0:0:0:1 - - [03/Mar/2017:16:13:29 +0800] "GET /images/banner4_bg.png HTTP/1.1" 304 -
0:0:0:0:0:0:0:1 - - [03/Mar/2017:16:13:29 +0800] "GET /images/shouyebg.jpg HTTP/1.1" 304 -
0:0:0:0:0:0:0:1 - - [03/Mar/2017:16:13:34 +0800] "GET /images/banner2_lines.png HTTP/1.1" 304 -
0:0:0:0:0:0:0:1 - - [03/Mar/2017:16:13:38 +0800] "GET /index HTTP/1.1" 200 29531
0:0:0:0:0:0:0:1 - - [03/Mar/2017:16:13:44 +0800] "GET /list-fuwushang/wodexiaoxi-huifu HTTP/1.1" 200 24474
0:0:0:0:0:0:0:1 - - [03/Mar/2017:16:14:00 +0800] "GET /list-fuwushang/wodexiaoxi-huifu-task HTTP/1.1" 200 23749
0:0:0:0:0:0:0:1 - - [03/Mar/2017:16:14:01 +0800] "GET /list-fuwushang/wodexiaoxi-huifu HTTP/1.1" 200 24474
0:0:0:0:0:0:0:1 - - [03/Mar/2017:16:50:48 +0800] "GET /list-fuwushang/wodexiaoxi-huifu-task HTTP/1.1" 200 21202
0:0:0:0:0:0:0:1 - - [03/Mar/2017:16:50:48 +0800] "GET /css/index.css HTTP/1.1" 304 -
0:0:0:0:0:0:0:1 - - [03/Mar/2017:16:50:48 +0800] "GET /css/public.css HTTP/1.1" 304 -
0:0:0:0:0:0:0:1 - - [03/Mar/2017:16:50:48 +0800] "GET /css/banner.css HTTP/1.1" 304 -
0:0:0:0:0:0:0:1 - - [03/Mar/2017:16:50:48 +0800] "GET /js/jquery-1.11.1.min.js HTTP/1.1" 304 -
0:0:0:0:0:0:0:1 - - [03/Mar/2017:16:50:48 +0800] "GET /js/chajian/jqkuozhan.js HTTP/1.1" 304 -
0:0:0:0:0:0:0:1 - - [03/Mar/2017:16:50:48 +0800] "GET /js/bg/submits.js HTTP/1.1" 304 -
0:0:0:0:0:0:0:1 - - [03/Mar/2017:16:50:48 +0800] "GET /js/bg/atemp.js HTTP/1.1" 304 -
0:0:0:0:0:0:0:1 - - [03/Mar/2017:16:50:48 +0800] "GET /images/log_03_03.png HTTP/1.1" 304 -
0:0:0:0:0:0:0:1 - - [03/Mar/2017:16:50:48 +0800] "GET /images/log_03_02.gif HTTP/1.1" 304 -
0:0:0:0:0:0:0:1 - - [03/Mar/2017:16:50:49 +0800] "GET /js/common.js HTTP/1.1" 304 -
0:0:0:0:0:0:0:1 - - [03/Mar/2017:16:50:49 +0800] "GET /js/bg/ajaxPost.js HTTP/1.1" 304 -
0:0:0:0:0:0:0:1 - - [03/Mar/2017:16:50:49 +0800] "GET /images/erweima.jpg HTTP/1.1" 304 -
0:0:0:0:0:0:0:1 - - [03/Mar/2017:17:46:23 +0800] "POST /page/user/login HTTP/1.1" 200 958
0:0:0:0:0:0:0:1 - - [03/Mar/2017:17:46:23 +0800] "GET /index HTTP/1.1" 200 29531
0:0:0:0:0:0:0:1 - - [03/Mar/2017:17:46:23 +0800] "GET /css/index.css HTTP/1.1" 304 -
0:0:0:0:0:0:0:1 - - [03/Mar/2017:17:46:23 +0800] "GET /css/public.css HTTP/1.1" 304 -
0:0:0:0:0:0:0:1 - - [03/Mar/2017:17:46:23 +0800] "GET /css/banner.css HTTP/1.1" 304 -
0:0:0:0:0:0:0:1 - - [03/Mar/2017:17:46:23 +0800] "GET /js/jquery-1.11.1.min.js HTTP/1.1" 304 -
0:0:0:0:0:0:0:1 - - [03/Mar/2017:17:46:23 +0800] "GET /js/index.js HTTP/1.1" 304 -
0:0:0:0:0:0:0:1 - - [03/Mar/2017:17:46:23 +0800] "GET /img/asag.jpg HTTP/1.1" 304 -
0:0:0:0:0:0:0:1 - - [03/Mar/2017:17:46:23 +0800] "GET /js/chajian/external.js HTTP/1.1" 304 -
0:0:0:0:0:0:0:1 - - [03/Mar/2017:17:46:23 +0800] "GET /images/icon_shiming_1.png HTTP/1.1" 304 -
0:0:0:0:0:0:0:1 - - [03/Mar/2017:17:46:23 +0800] "GET /images/icon_shiming_hover.png HTTP/1.1" 304 -
0:0:0:0:0:0:0:1 - - [03/Mar/2017:17:46:23 +0800] "GET /images/log_03_03.png HTTP/1.1" 304 -
0:0:0:0:0:0:0:1 - - [03/Mar/2017:17:46:23 +0800] "GET /js/index_img.js HTTP/1.1" 304 -
0:0:0:0:0:0:0:1 - - [03/Mar/2017:17:46:23 +0800] "GET /images/icon_msg.png HTTP/1.1" 304 -
0:0:0:0:0:0:0:1 - - [03/Mar/2017:17:46:23 +0800] "GET /images/banner1_text_1.png HTTP/1.1" 304 -
0:0:0:0:0:0:0:1 - - [03/Mar/2017:17:46:23 +0800] "GET /images/baner1_text_2.png HTTP/1.1" 304 -
0:0:0:0:0:0:0:1 - - [03/Mar/2017:17:46:23 +0800] "GET /images/log_03_02.gif HTTP/1.1" 304 -
0:0:0:0:0:0:0:1 - - [03/Mar/2017:17:46:23 +0800] "GET /images/banner1_img.png HTTP/1.1" 304 -
0:0:0:0:0:0:0:1 - - [03/Mar/2017:17:46:23 +0800] "GET /images/banner2_img.png HTTP/1.1" 304 -
0:0:0:0:0:0:0:1 - - [03/Mar/2017:17:46:23 +0800] "GET /images/icon_msg_hover.png HTTP/1.1" 304 -
0:0:0:0:0:0:0:1 - - [03/Mar/2017:17:46:23 +0800] "GET /images/banner3_little_img3.png HTTP/1.1" 304 -
0:0:0:0:0:0:0:1 - - [03/Mar/2017:17:46:23 +0800] "GET /images/banne3_litte_img1.png HTTP/1.1" 304 -
0:0:0:0:0:0:0:1 - - [03/Mar/2017:17:46:23 +0800] "GET /images/banner3_text.png HTTP/1.1" 304 -
0:0:0:0:0:0:0:1 - - [03/Mar/2017:17:46:23 +0800] "GET /images/banner3_little_img4.png HTTP/1.1" 304 -
0:0:0:0:0:0:0:1 - - [03/Mar/2017:17:46:24 +0800] "GET /images/banner3_little_img2.png HTTP/1.1" 304 -
0:0:0:0:0:0:0:1 - - [03/Mar/2017:17:46:24 +0800] "GET /images/banner2_text.png HTTP/1.1" 304 -
0:0:0:0:0:0:0:1 - - [03/Mar/2017:17:46:24 +0800] "GET /images/banner3_img.png HTTP/1.1" 304 -
0:0:0:0:0:0:0:1 - - [03/Mar/2017:17:46:24 +0800] "GET /images/banner1_bg_1.png HTTP/1.1" 304 -
0:0:0:0:0:0:0:1 - - [03/Mar/2017:17:46:24 +0800] "GET /images/banner4%20_img.png HTTP/1.1" 304 -
0:0:0:0:0:0:0:1 - - [03/Mar/2017:17:46:24 +0800] "GET /images/erweima.jpg HTTP/1.1" 304 -
0:0:0:0:0:0:0:1 - - [03/Mar/2017:17:46:24 +0800] "GET /images/banner4_bg.png HTTP/1.1" 304 -
0:0:0:0:0:0:0:1 - - [03/Mar/2017:17:46:32 +0800] "GET /list-fuwushang/wodexiaoxi-huifu HTTP/1.1" 200 24474
0:0:0:0:0:0:0:1 - - [03/Mar/2017:17:46:32 +0800] "GET /js/chajian/jqkuozhan.js HTTP/1.1" 304 -
0:0:0:0:0:0:0:1 - - [03/Mar/2017:17:46:32 +0800] "GET /js/common.js HTTP/1.1" 304 -
0:0:0:0:0:0:0:1 - - [03/Mar/2017:17:46:47 +0800] "GET /list-fuwushang/wodexiaoxi-huifu-task HTTP/1.1" 200 23749
0:0:0:0:0:0:0:1 - - [03/Mar/2017:17:46:48 +0800] "GET /list-fuwushang/wodexiaoxi-huifu HTTP/1.1" 200 24474
0:0:0:0:0:0:0:1 - - [03/Mar/2017:17:47:22 +0800] "GET /list-fuwushang/wodexiaoxi-huifu-task HTTP/1.1" 200 23749
0:0:0:0:0:0:0:1 - - [03/Mar/2017:17:47:23 +0800] "GET /list-fuwushang/wodexiaoxi-huifu-msg HTTP/1.1" 200 23766
0:0:0:0:0:0:0:1 - - [03/Mar/2017:17:47:24 +0800] "GET /list-fuwushang/wodexiaoxi-huifu-task HTTP/1.1" 200 23749
0:0:0:0:0:0:0:1 - - [03/Mar/2017:17:47:25 +0800] "GET /list-fuwushang/wodexiaoxi-huifu HTTP/1.1" 200 24474
0:0:0:0:0:0:0:1 - - [03/Mar/2017:17:48:20 +0800] "GET /list-fuwushang/fuwushang HTTP/1.1" 200 23500
0:0:0:0:0:0:0:1 - - [03/Mar/2017:17:48:21 +0800] "GET /list-fuwushang/wodezhanghu HTTP/1.1" 200 27683
0:0:0:0:0:0:0:1 - - [03/Mar/2017:17:48:21 +0800] "GET /js/chajian/jquery.page.js HTTP/1.1" 304 -
0:0:0:0:0:0:0:1 - - [03/Mar/2017:17:48:21 +0800] "GET /js/list/wodezhanghu.js HTTP/1.1" 200 2503
0:0:0:0:0:0:0:1 - - [03/Mar/2017:17:48:21 +0800] "GET /js/chajian/checkbox.js HTTP/1.1" 304 -
0:0:0:0:0:0:0:1 - - [03/Mar/2017:17:48:21 +0800] "GET /js/bg/page.js HTTP/1.1" 304 -
0:0:0:0:0:0:0:1 - - [03/Mar/2017:17:48:21 +0800] "GET /js/chajian/jquery.select.js HTTP/1.1" 304 -
0:0:0:0:0:0:0:1 - - [03/Mar/2017:17:48:27 +0800] "GET /list-fuwushang/wodejianli HTTP/1.1" 200 23387
0:0:0:0:0:0:0:1 - - [03/Mar/2017:17:48:27 +0800] "GET /js/bg/ajaxPost.js HTTP/1.1" 304 -
0:0:0:0:0:0:0:1 - - [03/Mar/2017:17:48:27 +0800] "GET /js/bg/submits.js HTTP/1.1" 304 -
0:0:0:0:0:0:0:1 - - [03/Mar/2017:17:48:28 +0800] "GET /list-fuwushang/woderenzheng-shiming HTTP/1.1" 200 26363
0:0:0:0:0:0:0:1 - - [03/Mar/2017:17:48:28 +0800] "GET /css/woderenzhengShiming.css HTTP/1.1" 200 5902
0:0:0:0:0:0:0:1 - - [03/Mar/2017:17:48:28 +0800] "GET /js/bg/ajaxfileupload.js HTTP/1.1" 304 -
0:0:0:0:0:0:0:1 - - [03/Mar/2017:17:48:28 +0800] "GET /verifiedImg/74_1488360821715.jpg HTTP/1.1" 200 -
0:0:0:0:0:0:0:1 - - [03/Mar/2017:17:48:28 +0800] "GET /verifiedImg/74_1488360818041.jpg HTTP/1.1" 200 -
0:0:0:0:0:0:0:1 - - [03/Mar/2017:17:48:28 +0800] "GET /js/list/newsrenzheng.js HTTP/1.1" 200 2077
0:0:0:0:0:0:0:1 - - [03/Mar/2017:17:48:37 +0800] "GET /list-fuwushang/woderenzheng HTTP/1.1" 200 29949
0:0:0:0:0:0:0:1 - - [03/Mar/2017:17:48:49 +0800] "GET /list-fuwushang/wodepingjia HTTP/1.1" 200 24683
0:0:0:0:0:0:0:1 - - [03/Mar/2017:17:48:51 +0800] "GET /list-fuwushang/wodeshoucang HTTP/1.1" 200 23253
0:0:0:0:0:0:0:1 - - [03/Mar/2017:17:48:51 +0800] "GET /js/bg/user.js HTTP/1.1" 200 6208
0:0:0:0:0:0:0:1 - - [03/Mar/2017:17:48:52 +0800] "GET /list-fuwushang/wodexiaoxi-huifu HTTP/1.1" 200 24474
