0:0:0:0:0:0:0:1 - - [06/Mar/2017:09:58:06 +0800] "GET / HTTP/1.1" 200 27438
0:0:0:0:0:0:0:1 - - [06/Mar/2017:09:58:06 +0800] "GET /css/public.css HTTP/1.1" 200 801
0:0:0:0:0:0:0:1 - - [06/Mar/2017:09:58:06 +0800] "GET /css/banner.css HTTP/1.1" 200 8476
0:0:0:0:0:0:0:1 - - [06/Mar/2017:09:58:06 +0800] "GET /css/index.css HTTP/1.1" 200 112520
0:0:0:0:0:0:0:1 - - [06/Mar/2017:09:58:06 +0800] "GET /js/jquery-1.11.1.min.js HTTP/1.1" 200 95786
0:0:0:0:0:0:0:1 - - [06/Mar/2017:09:58:06 +0800] "GET /js/index.js HTTP/1.1" 200 3328
0:0:0:0:0:0:0:1 - - [06/Mar/2017:09:58:07 +0800] "GET /images/banner1_text_1.png HTTP/1.1" 200 5621
0:0:0:0:0:0:0:1 - - [06/Mar/2017:09:58:07 +0800] "GET /js/index_img.js HTTP/1.1" 200 1859
0:0:0:0:0:0:0:1 - - [06/Mar/2017:09:58:07 +0800] "GET /js/chajian/external.js HTTP/1.1" 200 3221
0:0:0:0:0:0:0:1 - - [06/Mar/2017:09:58:07 +0800] "GET /images/log_03_03.png HTTP/1.1" 200 4499
0:0:0:0:0:0:0:1 - - [06/Mar/2017:09:58:07 +0800] "GET /images/log_03_02.gif HTTP/1.1" 200 2149
0:0:0:0:0:0:0:1 - - [06/Mar/2017:09:58:07 +0800] "GET /images/baner1_text_2.png HTTP/1.1" 200 3039
0:0:0:0:0:0:0:1 - - [06/Mar/2017:09:58:07 +0800] "GET /images/banner2_text.png HTTP/1.1" 200 8600
0:0:0:0:0:0:0:1 - - [06/Mar/2017:09:58:07 +0800] "GET /images/banner3_text.png HTTP/1.1" 200 12792
0:0:0:0:0:0:0:1 - - [06/Mar/2017:09:58:07 +0800] "GET /images/banne3_litte_img1.png HTTP/1.1" 200 18290
0:0:0:0:0:0:0:1 - - [06/Mar/2017:09:58:07 +0800] "GET /images/banner3_little_img2.png HTTP/1.1" 200 13396
0:0:0:0:0:0:0:1 - - [06/Mar/2017:09:58:07 +0800] "GET /images/icon_task.png HTTP/1.1" 200 983
0:0:0:0:0:0:0:1 - - [06/Mar/2017:09:58:07 +0800] "GET /images/icon_tanlent.png HTTP/1.1" 200 1330
0:0:0:0:0:0:0:1 - - [06/Mar/2017:09:58:07 +0800] "GET /images/icon_workhall.png HTTP/1.1" 200 598
0:0:0:0:0:0:0:1 - - [06/Mar/2017:09:58:07 +0800] "GET /images/icon_swing.png HTTP/1.1" 200 959
0:0:0:0:0:0:0:1 - - [06/Mar/2017:09:58:07 +0800] "GET /images/banner1_img.png HTTP/1.1" 200 127623
0:0:0:0:0:0:0:1 - - [06/Mar/2017:09:58:07 +0800] "GET /images/banner2_img.png HTTP/1.1" 200 206898
0:0:0:0:0:0:0:1 - - [06/Mar/2017:09:58:07 +0800] "GET /images/icon_call.png HTTP/1.1" 200 1326
0:0:0:0:0:0:0:1 - - [06/Mar/2017:09:58:07 +0800] "GET /images/icon_bag.png HTTP/1.1" 200 771
0:0:0:0:0:0:0:1 - - [06/Mar/2017:09:58:07 +0800] "GET /images/banner1_lines.png HTTP/1.1" 200 919
0:0:0:0:0:0:0:1 - - [06/Mar/2017:09:58:07 +0800] "GET /images/banner1_btn.png HTTP/1.1" 200 1142
0:0:0:0:0:0:0:1 - - [06/Mar/2017:09:58:07 +0800] "GET /images/banner1_bg_1.png HTTP/1.1" 200 11672
0:0:0:0:0:0:0:1 - - [06/Mar/2017:09:58:07 +0800] "GET /images/banner3_little_img4.png HTTP/1.1" 200 10068
0:0:0:0:0:0:0:1 - - [06/Mar/2017:09:58:07 +0800] "GET /images/banner3_little_img3.png HTTP/1.1" 200 11109
0:0:0:0:0:0:0:1 - - [06/Mar/2017:09:58:07 +0800] "GET /images/banner4%20_img.png HTTP/1.1" 200 50876
0:0:0:0:0:0:0:1 - - [06/Mar/2017:09:58:07 +0800] "GET /images/banner3_img.png HTTP/1.1" 200 199471
0:0:0:0:0:0:0:1 - - [06/Mar/2017:09:58:08 +0800] "GET /images/erweima.jpg HTTP/1.1" 200 40495
0:0:0:0:0:0:0:1 - - [06/Mar/2017:09:58:08 +0800] "GET /images/banner4_bg.png HTTP/1.1" 200 10713
0:0:0:0:0:0:0:1 - - [06/Mar/2017:09:58:08 +0800] "GET /images/shouyebg.jpg HTTP/1.1" 200 185782
0:0:0:0:0:0:0:1 - - [06/Mar/2017:09:58:08 +0800] "GET /images/icon.png HTTP/1.1" 200 30772
0:0:0:0:0:0:0:1 - - [06/Mar/2017:09:58:20 +0800] "GET / HTTP/1.1" 200 27438
0:0:0:0:0:0:0:1 - - [06/Mar/2017:09:58:27 +0800] "GET /images/banner2_lines.png HTTP/1.1" 200 652
0:0:0:0:0:0:0:1 - - [06/Mar/2017:09:58:30 +0800] "GET / HTTP/1.1" 200 27438
0:0:0:0:0:0:0:1 - - [06/Mar/2017:09:58:33 +0800] "GET / HTTP/1.1" 200 27438
0:0:0:0:0:0:0:1 - - [06/Mar/2017:09:58:51 +0800] "GET /list-login/login HTTP/1.1" 200 21202
0:0:0:0:0:0:0:1 - - [06/Mar/2017:09:58:51 +0800] "GET /js/chajian/jqkuozhan.js HTTP/1.1" 200 2070
0:0:0:0:0:0:0:1 - - [06/Mar/2017:09:58:51 +0800] "GET /js/common.js HTTP/1.1" 200 5252
0:0:0:0:0:0:0:1 - - [06/Mar/2017:09:58:51 +0800] "GET /js/bg/ajaxPost.js HTTP/1.1" 200 1075
0:0:0:0:0:0:0:1 - - [06/Mar/2017:09:58:51 +0800] "GET /js/bg/submits.js HTTP/1.1" 200 11314
0:0:0:0:0:0:0:1 - - [06/Mar/2017:09:58:51 +0800] "GET /js/bg/atemp.js HTTP/1.1" 200 74
0:0:0:0:0:0:0:1 - - [06/Mar/2017:09:58:52 +0800] "GET /images/loginbanner.jpg HTTP/1.1" 200 658820
0:0:0:0:0:0:0:1 - - [06/Mar/2017:09:59:15 +0800] "POST /page/user/login HTTP/1.1" 200 958
0:0:0:0:0:0:0:1 - - [06/Mar/2017:09:59:15 +0800] "GET /index HTTP/1.1" 200 29531
0:0:0:0:0:0:0:1 - - [06/Mar/2017:09:59:15 +0800] "GET /images/icon_shiming_1.png HTTP/1.1" 200 529
0:0:0:0:0:0:0:1 - - [06/Mar/2017:09:59:15 +0800] "GET /images/icon_shiming_hover.png HTTP/1.1" 200 676
0:0:0:0:0:0:0:1 - - [06/Mar/2017:09:59:15 +0800] "GET /img/asag.jpg HTTP/1.1" 200 27172
0:0:0:0:0:0:0:1 - - [06/Mar/2017:09:59:15 +0800] "GET /images/icon_msg_hover.png HTTP/1.1" 200 1216
0:0:0:0:0:0:0:1 - - [06/Mar/2017:09:59:15 +0800] "GET /images/icon_msg.png HTTP/1.1" 200 907
0:0:0:0:0:0:0:1 - - [06/Mar/2017:09:59:23 +0800] "GET /list-fuwushang/wodexiaoxi-huifu HTTP/1.1" 200 24474
0:0:0:0:0:0:0:1 - - [06/Mar/2017:10:00:58 +0800] "GET //system HTTP/1.1" 302 -
0:0:0:0:0:0:0:1 - - [06/Mar/2017:10:00:58 +0800] "GET /system/myLogin HTTP/1.1" 200 4279
0:0:0:0:0:0:0:1 - - [06/Mar/2017:10:00:58 +0800] "GET /system/css/admin.css HTTP/1.1" 200 4661
0:0:0:0:0:0:0:1 - - [06/Mar/2017:10:00:58 +0800] "GET /system/js/jquery.js HTTP/1.1" 200 96381
0:0:0:0:0:0:0:1 - - [06/Mar/2017:10:00:58 +0800] "GET /system/js/pintuer.js HTTP/1.1" 200 16856
0:0:0:0:0:0:0:1 - - [06/Mar/2017:10:00:58 +0800] "GET /system/css/pintuer.css HTTP/1.1" 200 114625
0:0:0:0:0:0:0:1 - - [06/Mar/2017:10:00:58 +0800] "GET /system/images/tmbg-white.png HTTP/1.1" 200 1012
0:0:0:0:0:0:0:1 - - [06/Mar/2017:10:00:58 +0800] "GET /system/images/bg.jpg HTTP/1.1" 200 103501
0:0:0:0:0:0:0:1 - - [06/Mar/2017:10:01:13 +0800] "GET /code HTTP/1.1" 200 1533
0:0:0:0:0:0:0:1 - - [06/Mar/2017:10:01:38 +0800] "POST /system/login HTTP/1.1" 200 21
0:0:0:0:0:0:0:1 - - [06/Mar/2017:10:01:38 +0800] "GET /system/index HTTP/1.1" 200 5499
0:0:0:0:0:0:0:1 - - [06/Mar/2017:10:01:38 +0800] "GET /system/images/y.jpg HTTP/1.1" 200 6568
0:0:0:0:0:0:0:1 - - [06/Mar/2017:10:01:38 +0800] "GET /system/queryAllAdmin HTTP/1.1" 200 5147
0:0:0:0:0:0:0:1 - - [06/Mar/2017:10:01:38 +0800] "GET /system/js/jquery.page.js HTTP/1.1" 200 3746
0:0:0:0:0:0:0:1 - - [06/Mar/2017:10:01:47 +0800] "GET /system/queryAllAdmin HTTP/1.1" 200 5147
0:0:0:0:0:0:0:1 - - [06/Mar/2017:10:02:06 +0800] "GET /system/outLogin HTTP/1.1" 200 4279
0:0:0:0:0:0:0:1 - - [06/Mar/2017:10:02:06 +0800] "GET /code HTTP/1.1" 200 1486
0:0:0:0:0:0:0:1 - - [06/Mar/2017:10:02:19 +0800] "POST /system/login HTTP/1.1" 200 21
0:0:0:0:0:0:0:1 - - [06/Mar/2017:10:02:19 +0800] "GET /system/index HTTP/1.1" 200 5499
0:0:0:0:0:0:0:1 - - [06/Mar/2017:10:02:19 +0800] "GET /system/queryAllAdmin HTTP/1.1" 200 5147
0:0:0:0:0:0:0:1 - - [06/Mar/2017:10:02:57 +0800] "GET /system/queryAllUser HTTP/1.1" 200 3351
0:0:0:0:0:0:0:1 - - [06/Mar/2017:10:02:59 +0800] "GET /system/queryAllServer HTTP/1.1" 200 6334
0:0:0:0:0:0:0:1 - - [06/Mar/2017:10:02:59 +0800] "GET /system//layer/layer.min.js HTTP/1.1" 200 19122
0:0:0:0:0:0:0:1 - - [06/Mar/2017:10:02:59 +0800] "GET /system/layer/skin/layer.css HTTP/1.1" 200 5763
0:0:0:0:0:0:0:1 - - [06/Mar/2017:10:02:59 +0800] "GET /system//layer/skin/layer.css HTTP/1.1" 200 5763
0:0:0:0:0:0:0:1 - - [06/Mar/2017:10:02:59 +0800] "GET /system//layer/skin/default/xubox_ico0.png HTTP/1.1" 200 32954
0:0:0:0:0:0:0:1 - - [06/Mar/2017:10:03:27 +0800] "GET /system/queryAllServer?user_name=&user_verified=3&user_skillstate=&user_cstate=&user_type=0 HTTP/1.1" 200 5180
0:0:0:0:0:0:0:1 - - [06/Mar/2017:10:03:29 +0800] "GET /system/queryAllServer?user_name=&user_verified=&user_skillstate=3&user_cstate=&user_type=1 HTTP/1.1" 200 5180
0:0:0:0:0:0:0:1 - - [06/Mar/2017:10:03:32 +0800] "GET /system/queryAllServer?user_name=&user_verified=&user_skillstate=&user_cstate=3&user_type=2 HTTP/1.1" 200 6354
0:0:0:0:0:0:0:1 - - [06/Mar/2017:10:03:51 +0800] "GET /system/queryServerByUserId/74 HTTP/1.1" 200 9395
0:0:0:0:0:0:0:1 - - [06/Mar/2017:10:03:51 +0800] "GET /system/queryServerByUserId/system/css/admin.css HTTP/1.1" 404 162
0:0:0:0:0:0:0:1 - - [06/Mar/2017:10:04:20 +0800] "GET /system/queryUserRechargeRecord HTTP/1.1" 200 3098
0:0:0:0:0:0:0:1 - - [06/Mar/2017:10:04:24 +0800] "GET /system/queryAllTask HTTP/1.1" 200 5020
0:0:0:0:0:0:0:1 - - [06/Mar/2017:10:04:31 +0800] "GET /system/queryAllMessageUser HTTP/1.1" 200 3866
0:0:0:0:0:0:0:1 - - [06/Mar/2017:10:04:32 +0800] "GET /system/queryAllMessageAdmin HTTP/1.1" 200 6240
0:0:0:0:0:0:0:1 - - [06/Mar/2017:10:04:37 +0800] "GET /system/addmessage HTTP/1.1" 200 4713
0:0:0:0:0:0:0:1 - - [06/Mar/2017:10:04:56 +0800] "POST /system/queryUserByNickName HTTP/1.1" 200 23
0:0:0:0:0:0:0:1 - - [06/Mar/2017:10:05:10 +0800] "POST /system/addMessage HTTP/1.1" 500 189
0:0:0:0:0:0:0:1 - - [06/Mar/2017:10:05:25 +0800] "POST /system/addMessage HTTP/1.1" 500 189
0:0:0:0:0:0:0:1 - - [06/Mar/2017:10:05:29 +0800] "POST /system/addMessage HTTP/1.1" 500 189
0:0:0:0:0:0:0:1 - - [06/Mar/2017:10:05:46 +0800] "POST /system/addMessage HTTP/1.1" 500 189
0:0:0:0:0:0:0:1 - - [06/Mar/2017:10:05:49 +0800] "POST /system/addMessage HTTP/1.1" 500 189
0:0:0:0:0:0:0:1 - - [06/Mar/2017:10:05:49 +0800] "POST /system/addMessage HTTP/1.1" 500 189
0:0:0:0:0:0:0:1 - - [06/Mar/2017:10:05:49 +0800] "POST /system/addMessage HTTP/1.1" 500 189
0:0:0:0:0:0:0:1 - - [06/Mar/2017:10:05:54 +0800] "POST /system/addMessage HTTP/1.1" 500 189
0:0:0:0:0:0:0:1 - - [06/Mar/2017:14:09:32 +0800] "GET /test HTTP/1.1" 200 -
0:0:0:0:0:0:0:1 - - [06/Mar/2017:14:11:10 +0800] "GET /test HTTP/1.1" 200 -
0:0:0:0:0:0:0:1 - - [06/Mar/2017:14:12:28 +0800] "GET /test HTTP/1.1" 200 -
0:0:0:0:0:0:0:1 - - [06/Mar/2017:14:14:15 +0800] "GET /test HTTP/1.1" 200 -
0:0:0:0:0:0:0:1 - - [06/Mar/2017:14:15:15 +0800] "GET /test HTTP/1.1" 200 -
0:0:0:0:0:0:0:1 - - [06/Mar/2017:14:17:08 +0800] "GET /test HTTP/1.1" 200 5
0:0:0:0:0:0:0:1 - - [06/Mar/2017:14:20:35 +0800] "GET /test HTTP/1.1" 200 5
0:0:0:0:0:0:0:1 - - [06/Mar/2017:14:21:26 +0800] "GET /test HTTP/1.1" 200 5
0:0:0:0:0:0:0:1 - - [06/Mar/2017:14:21:32 +0800] "GET /test HTTP/1.1" 200 5
0:0:0:0:0:0:0:1 - - [06/Mar/2017:14:25:01 +0800] "GET /test HTTP/1.1" 200 -
0:0:0:0:0:0:0:1 - - [06/Mar/2017:17:57:41 +0800] "GET /index HTTP/1.1" 200 27438
0:0:0:0:0:0:0:1 - - [06/Mar/2017:17:57:41 +0800] "GET /css/public.css HTTP/1.1" 200 801
0:0:0:0:0:0:0:1 - - [06/Mar/2017:17:57:41 +0800] "GET /css/banner.css HTTP/1.1" 200 8476
0:0:0:0:0:0:0:1 - - [06/Mar/2017:17:57:41 +0800] "GET /js/jquery-1.11.1.min.js HTTP/1.1" 200 95786
0:0:0:0:0:0:0:1 - - [06/Mar/2017:17:57:41 +0800] "GET /css/index.css HTTP/1.1" 200 112520
0:0:0:0:0:0:0:1 - - [06/Mar/2017:17:57:41 +0800] "GET /js/index.js HTTP/1.1" 200 3328
0:0:0:0:0:0:0:1 - - [06/Mar/2017:17:57:41 +0800] "GET /images/log_03_03.png HTTP/1.1" 200 4499
0:0:0:0:0:0:0:1 - - [06/Mar/2017:17:57:41 +0800] "GET /js/index_img.js HTTP/1.1" 200 1859
0:0:0:0:0:0:0:1 - - [06/Mar/2017:17:57:41 +0800] "GET /images/log_03_02.gif HTTP/1.1" 200 2149
0:0:0:0:0:0:0:1 - - [06/Mar/2017:17:57:41 +0800] "GET /images/banner1_text_1.png HTTP/1.1" 200 5621
0:0:0:0:0:0:0:1 - - [06/Mar/2017:17:57:41 +0800] "GET /js/chajian/external.js HTTP/1.1" 200 3221
0:0:0:0:0:0:0:1 - - [06/Mar/2017:17:57:41 +0800] "GET /images/baner1_text_2.png HTTP/1.1" 200 3039
0:0:0:0:0:0:0:1 - - [06/Mar/2017:17:57:41 +0800] "GET /images/banner3_text.png HTTP/1.1" 200 12792
0:0:0:0:0:0:0:1 - - [06/Mar/2017:17:57:41 +0800] "GET /images/banne3_litte_img1.png HTTP/1.1" 200 18290
0:0:0:0:0:0:0:1 - - [06/Mar/2017:17:57:41 +0800] "GET /images/banner2_text.png HTTP/1.1" 200 8600
0:0:0:0:0:0:0:1 - - [06/Mar/2017:17:57:41 +0800] "GET /images/banner1_img.png HTTP/1.1" 200 127623
0:0:0:0:0:0:0:1 - - [06/Mar/2017:17:57:41 +0800] "GET /images/icon_swing.png HTTP/1.1" 200 959
0:0:0:0:0:0:0:1 - - [06/Mar/2017:17:57:41 +0800] "GET /images/banner2_img.png HTTP/1.1" 200 206898
0:0:0:0:0:0:0:1 - - [06/Mar/2017:17:57:41 +0800] "GET /images/icon_workhall.png HTTP/1.1" 200 598
0:0:0:0:0:0:0:1 - - [06/Mar/2017:17:57:41 +0800] "GET /images/icon_bag.png HTTP/1.1" 200 771
0:0:0:0:0:0:0:1 - - [06/Mar/2017:17:57:41 +0800] "GET /images/icon_task.png HTTP/1.1" 200 983
0:0:0:0:0:0:0:1 - - [06/Mar/2017:17:57:41 +0800] "GET /images/icon_tanlent.png HTTP/1.1" 200 1330
0:0:0:0:0:0:0:1 - - [06/Mar/2017:17:57:41 +0800] "GET /images/icon_call.png HTTP/1.1" 200 1326
0:0:0:0:0:0:0:1 - - [06/Mar/2017:17:57:41 +0800] "GET /images/banner1_btn.png HTTP/1.1" 200 1142
0:0:0:0:0:0:0:1 - - [06/Mar/2017:17:57:41 +0800] "GET /images/banner1_bg_1.png HTTP/1.1" 200 11672
0:0:0:0:0:0:0:1 - - [06/Mar/2017:17:57:41 +0800] "GET /images/banner3_little_img3.png HTTP/1.1" 200 11109
0:0:0:0:0:0:0:1 - - [06/Mar/2017:17:57:41 +0800] "GET /images/banner1_lines.png HTTP/1.1" 200 919
0:0:0:0:0:0:0:1 - - [06/Mar/2017:17:57:41 +0800] "GET /images/banner3_little_img2.png HTTP/1.1" 200 13396
0:0:0:0:0:0:0:1 - - [06/Mar/2017:17:57:41 +0800] "GET /images/banner3_little_img4.png HTTP/1.1" 200 10068
0:0:0:0:0:0:0:1 - - [06/Mar/2017:17:57:41 +0800] "GET /images/icon.png HTTP/1.1" 200 30772
0:0:0:0:0:0:0:1 - - [06/Mar/2017:17:57:41 +0800] "GET /images/erweima.jpg HTTP/1.1" 200 40495
0:0:0:0:0:0:0:1 - - [06/Mar/2017:17:57:41 +0800] "GET /images/banner4%20_img.png HTTP/1.1" 200 50876
0:0:0:0:0:0:0:1 - - [06/Mar/2017:17:57:41 +0800] "GET /images/banner4_bg.png HTTP/1.1" 200 10713
0:0:0:0:0:0:0:1 - - [06/Mar/2017:17:57:42 +0800] "GET /images/shouyebg.jpg HTTP/1.1" 200 185782
0:0:0:0:0:0:0:1 - - [06/Mar/2017:17:57:42 +0800] "GET /images/banner3_img.png HTTP/1.1" 200 199471
0:0:0:0:0:0:0:1 - - [06/Mar/2017:17:57:42 +0800] "GET /list-login/login HTTP/1.1" 200 21202
0:0:0:0:0:0:0:1 - - [06/Mar/2017:17:57:42 +0800] "GET /js/common.js HTTP/1.1" 200 5252
0:0:0:0:0:0:0:1 - - [06/Mar/2017:17:57:42 +0800] "GET /js/bg/submits.js HTTP/1.1" 200 11314
0:0:0:0:0:0:0:1 - - [06/Mar/2017:17:57:42 +0800] "GET /js/bg/ajaxPost.js HTTP/1.1" 200 1075
0:0:0:0:0:0:0:1 - - [06/Mar/2017:17:57:42 +0800] "GET /js/chajian/jqkuozhan.js HTTP/1.1" 200 2070
0:0:0:0:0:0:0:1 - - [06/Mar/2017:17:57:43 +0800] "GET /js/bg/atemp.js HTTP/1.1" 200 74
0:0:0:0:0:0:0:1 - - [06/Mar/2017:17:57:43 +0800] "GET /images/loginbanner.jpg HTTP/1.1" 200 658820
0:0:0:0:0:0:0:1 - - [06/Mar/2017:17:58:09 +0800] "POST /page/user/login HTTP/1.1" 200 1168
0:0:0:0:0:0:0:1 - - [06/Mar/2017:17:58:09 +0800] "GET /index HTTP/1.1" 200 29531
0:0:0:0:0:0:0:1 - - [06/Mar/2017:17:58:09 +0800] "GET /images/icon_msg.png HTTP/1.1" 200 907
0:0:0:0:0:0:0:1 - - [06/Mar/2017:17:58:09 +0800] "GET /images/icon_msg_hover.png HTTP/1.1" 200 1216
0:0:0:0:0:0:0:1 - - [06/Mar/2017:17:58:09 +0800] "GET /images/icon_shiming_1.png HTTP/1.1" 200 529
0:0:0:0:0:0:0:1 - - [06/Mar/2017:17:58:09 +0800] "GET /images/icon_shiming_hover.png HTTP/1.1" 200 676
0:0:0:0:0:0:0:1 - - [06/Mar/2017:17:58:09 +0800] "GET /img/asag.jpg HTTP/1.1" 200 27172
0:0:0:0:0:0:0:1 - - [06/Mar/2017:17:58:12 +0800] "GET /list-fuwushang/wodexiaoxi-huifu HTTP/1.1" 200 24474
0:0:0:0:0:0:0:1 - - [06/Mar/2017:17:58:46 +0800] "GET /images/banner2_lines.png HTTP/1.1" 200 652
0:0:0:0:0:0:0:1 - - [06/Mar/2017:17:58:53 +0800] "GET /list-fuwushang/wodexiaoxi-huifu HTTP/1.1" 200 24474
0:0:0:0:0:0:0:1 - - [06/Mar/2017:17:59:03 +0800] "GET /list-fuwushang/wodexiaoxi-huifu HTTP/1.1" 200 24474
0:0:0:0:0:0:0:1 - - [06/Mar/2017:18:30:57 +0800] "GET / HTTP/1.1" 200 27438
0:0:0:0:0:0:0:1 - - [06/Mar/2017:18:30:58 +0800] "GET /css/public.css HTTP/1.1" 304 -
0:0:0:0:0:0:0:1 - - [06/Mar/2017:18:30:58 +0800] "GET /css/banner.css HTTP/1.1" 304 -
0:0:0:0:0:0:0:1 - - [06/Mar/2017:18:30:58 +0800] "GET /js/jquery-1.11.1.min.js HTTP/1.1" 304 -
0:0:0:0:0:0:0:1 - - [06/Mar/2017:18:30:58 +0800] "GET /css/index.css HTTP/1.1" 304 -
0:0:0:0:0:0:0:1 - - [06/Mar/2017:18:30:58 +0800] "GET /js/index.js HTTP/1.1" 304 -
0:0:0:0:0:0:0:1 - - [06/Mar/2017:18:30:58 +0800] "GET /js/chajian/external.js HTTP/1.1" 304 -
0:0:0:0:0:0:0:1 - - [06/Mar/2017:18:30:58 +0800] "GET /js/index_img.js HTTP/1.1" 304 -
0:0:0:0:0:0:0:1 - - [06/Mar/2017:18:30:58 +0800] "GET /images/log_03_03.png HTTP/1.1" 304 -
0:0:0:0:0:0:0:1 - - [06/Mar/2017:18:30:58 +0800] "GET /images/banner1_img.png HTTP/1.1" 304 -
0:0:0:0:0:0:0:1 - - [06/Mar/2017:18:30:58 +0800] "GET /images/banner2_text.png HTTP/1.1" 304 -
0:0:0:0:0:0:0:1 - - [06/Mar/2017:18:30:58 +0800] "GET /images/banner2_img.png HTTP/1.1" 304 -
0:0:0:0:0:0:0:1 - - [06/Mar/2017:18:30:58 +0800] "GET /images/baner1_text_2.png HTTP/1.1" 304 -
0:0:0:0:0:0:0:1 - - [06/Mar/2017:18:30:58 +0800] "GET /images/banner1_text_1.png HTTP/1.1" 304 -
0:0:0:0:0:0:0:1 - - [06/Mar/2017:18:30:58 +0800] "GET /images/banner3_little_img2.png HTTP/1.1" 304 -
0:0:0:0:0:0:0:1 - - [06/Mar/2017:18:30:58 +0800] "GET /images/banner3_text.png HTTP/1.1" 304 -
0:0:0:0:0:0:0:1 - - [06/Mar/2017:18:30:58 +0800] "GET /images/log_03_02.gif HTTP/1.1" 304 -
0:0:0:0:0:0:0:1 - - [06/Mar/2017:18:30:58 +0800] "GET /images/banner3_img.png HTTP/1.1" 304 -
0:0:0:0:0:0:0:1 - - [06/Mar/2017:18:30:58 +0800] "GET /images/banne3_litte_img1.png HTTP/1.1" 304 -
0:0:0:0:0:0:0:1 - - [06/Mar/2017:18:30:58 +0800] "GET /images/banner4%20_img.png HTTP/1.1" 304 -
0:0:0:0:0:0:0:1 - - [06/Mar/2017:18:30:58 +0800] "GET /images/erweima.jpg HTTP/1.1" 304 -
0:0:0:0:0:0:0:1 - - [06/Mar/2017:18:30:58 +0800] "GET /images/banner3_little_img4.png HTTP/1.1" 304 -
0:0:0:0:0:0:0:1 - - [06/Mar/2017:18:30:58 +0800] "GET /images/banner3_little_img3.png HTTP/1.1" 304 -
0:0:0:0:0:0:0:1 - - [06/Mar/2017:18:30:58 +0800] "GET /images/banner1_bg_1.png HTTP/1.1" 304 -
0:0:0:0:0:0:0:1 - - [06/Mar/2017:18:30:58 +0800] "GET /images/icon_bag.png HTTP/1.1" 304 -
0:0:0:0:0:0:0:1 - - [06/Mar/2017:18:30:58 +0800] "GET /images/icon_task.png HTTP/1.1" 304 -
0:0:0:0:0:0:0:1 - - [06/Mar/2017:18:30:58 +0800] "GET /images/icon_workhall.png HTTP/1.1" 304 -
0:0:0:0:0:0:0:1 - - [06/Mar/2017:18:30:58 +0800] "GET /images/banner4_bg.png HTTP/1.1" 304 -
0:0:0:0:0:0:0:1 - - [06/Mar/2017:18:30:58 +0800] "GET /images/icon_swing.png HTTP/1.1" 304 -
0:0:0:0:0:0:0:1 - - [06/Mar/2017:18:30:58 +0800] "GET /images/icon_call.png HTTP/1.1" 304 -
0:0:0:0:0:0:0:1 - - [06/Mar/2017:18:30:58 +0800] "GET /images/icon_tanlent.png HTTP/1.1" 304 -
0:0:0:0:0:0:0:1 - - [06/Mar/2017:18:30:58 +0800] "GET /images/shouyebg.jpg HTTP/1.1" 304 -
0:0:0:0:0:0:0:1 - - [06/Mar/2017:18:30:58 +0800] "GET /images/icon.png HTTP/1.1" 304 -
0:0:0:0:0:0:0:1 - - [06/Mar/2017:18:30:58 +0800] "GET /images/banner1_btn.png HTTP/1.1" 304 -
0:0:0:0:0:0:0:1 - - [06/Mar/2017:18:30:58 +0800] "GET /images/banner1_lines.png HTTP/1.1" 304 -
0:0:0:0:0:0:0:1 - - [06/Mar/2017:18:31:03 +0800] "GET /images/banner2_lines.png HTTP/1.1" 304 -
