0:0:0:0:0:0:0:1 - - [14/Mar/2017:20:12:45 +0800] "GET / HTTP/1.1" 200 27438
0:0:0:0:0:0:0:1 - - [14/Mar/2017:20:12:45 +0800] "GET /css/banner.css HTTP/1.1" 200 8476
0:0:0:0:0:0:0:1 - - [14/Mar/2017:20:12:45 +0800] "GET /css/public.css HTTP/1.1" 200 801
0:0:0:0:0:0:0:1 - - [14/Mar/2017:20:12:45 +0800] "GET /css/index.css HTTP/1.1" 200 112571
0:0:0:0:0:0:0:1 - - [14/Mar/2017:20:12:45 +0800] "GET /js/index.js HTTP/1.1" 200 3328
0:0:0:0:0:0:0:1 - - [14/Mar/2017:20:12:45 +0800] "GET /js/jquery-1.11.1.min.js HTTP/1.1" 200 95786
0:0:0:0:0:0:0:1 - - [14/Mar/2017:20:12:45 +0800] "GET /js/chajian/external.js HTTP/1.1" 200 3221
0:0:0:0:0:0:0:1 - - [14/Mar/2017:20:12:45 +0800] "GET /js/index_img.js HTTP/1.1" 200 1859
0:0:0:0:0:0:0:1 - - [14/Mar/2017:20:12:45 +0800] "GET /images/baner1_text_2.png HTTP/1.1" 200 3039
0:0:0:0:0:0:0:1 - - [14/Mar/2017:20:12:45 +0800] "GET /images/log_03_02.gif HTTP/1.1" 200 2149
0:0:0:0:0:0:0:1 - - [14/Mar/2017:20:12:45 +0800] "GET /images/banner1_text_1.png HTTP/1.1" 200 5621
0:0:0:0:0:0:0:1 - - [14/Mar/2017:20:12:45 +0800] "GET /images/log_03_03.png HTTP/1.1" 200 4499
0:0:0:0:0:0:0:1 - - [14/Mar/2017:20:12:45 +0800] "GET /images/banner2_text.png HTTP/1.1" 200 8600
0:0:0:0:0:0:0:1 - - [14/Mar/2017:20:12:45 +0800] "GET /images/banner1_img.png HTTP/1.1" 200 127623
0:0:0:0:0:0:0:1 - - [14/Mar/2017:20:12:45 +0800] "GET /images/banner3_little_img2.png HTTP/1.1" 200 13396
0:0:0:0:0:0:0:1 - - [14/Mar/2017:20:12:45 +0800] "GET /images/banne3_litte_img1.png HTTP/1.1" 200 18290
0:0:0:0:0:0:0:1 - - [14/Mar/2017:20:12:45 +0800] "GET /images/banner3_text.png HTTP/1.1" 200 12792
0:0:0:0:0:0:0:1 - - [14/Mar/2017:20:12:45 +0800] "GET /images/banner3_little_img3.png HTTP/1.1" 200 11109
0:0:0:0:0:0:0:1 - - [14/Mar/2017:20:12:45 +0800] "GET /images/banner3_little_img4.png HTTP/1.1" 200 10068
0:0:0:0:0:0:0:1 - - [14/Mar/2017:20:12:45 +0800] "GET /images/erweima.jpg HTTP/1.1" 200 40495
0:0:0:0:0:0:0:1 - - [14/Mar/2017:20:12:46 +0800] "GET /images/icon_bag.png HTTP/1.1" 200 771
0:0:0:0:0:0:0:1 - - [14/Mar/2017:20:12:46 +0800] "GET /images/icon.png HTTP/1.1" 200 30772
0:0:0:0:0:0:0:1 - - [14/Mar/2017:20:12:46 +0800] "GET /images/banner2_img.png HTTP/1.1" 200 206898
0:0:0:0:0:0:0:1 - - [14/Mar/2017:20:12:46 +0800] "GET /images/icon_task.png HTTP/1.1" 200 983
0:0:0:0:0:0:0:1 - - [14/Mar/2017:20:12:46 +0800] "GET /images/icon_call.png HTTP/1.1" 200 1326
0:0:0:0:0:0:0:1 - - [14/Mar/2017:20:12:46 +0800] "GET /images/banner4%20_img.png HTTP/1.1" 200 50876
0:0:0:0:0:0:0:1 - - [14/Mar/2017:20:12:46 +0800] "GET /images/icon_tanlent.png HTTP/1.1" 200 1330
0:0:0:0:0:0:0:1 - - [14/Mar/2017:20:12:46 +0800] "GET /images/icon_workhall.png HTTP/1.1" 200 598
0:0:0:0:0:0:0:1 - - [14/Mar/2017:20:12:46 +0800] "GET /images/icon_swing.png HTTP/1.1" 200 959
0:0:0:0:0:0:0:1 - - [14/Mar/2017:20:12:46 +0800] "GET /images/banner1_bg_1.png HTTP/1.1" 200 11672
0:0:0:0:0:0:0:1 - - [14/Mar/2017:20:12:46 +0800] "GET /images/banner1_lines.png HTTP/1.1" 200 919
0:0:0:0:0:0:0:1 - - [14/Mar/2017:20:12:46 +0800] "GET /images/banner1_btn.png HTTP/1.1" 200 1142
0:0:0:0:0:0:0:1 - - [14/Mar/2017:20:12:46 +0800] "GET /images/banner4_bg.png HTTP/1.1" 200 10713
0:0:0:0:0:0:0:1 - - [14/Mar/2017:20:12:46 +0800] "GET /images/shouyebg.jpg HTTP/1.1" 200 185782
0:0:0:0:0:0:0:1 - - [14/Mar/2017:20:12:46 +0800] "GET /images/banner3_img.png HTTP/1.1" 200 199471
0:0:0:0:0:0:0:1 - - [14/Mar/2017:20:12:52 +0800] "GET /images/banner2_lines.png HTTP/1.1" 200 652
0:0:0:0:0:0:0:1 - - [14/Mar/2017:20:14:59 +0800] "GET /list-login/login HTTP/1.1" 200 21226
0:0:0:0:0:0:0:1 - - [14/Mar/2017:20:15:00 +0800] "GET /js/chajian/jqkuozhan.js HTTP/1.1" 200 2018
0:0:0:0:0:0:0:1 - - [14/Mar/2017:20:15:00 +0800] "GET /js/bg/atemp.js HTTP/1.1" 200 74
0:0:0:0:0:0:0:1 - - [14/Mar/2017:20:15:00 +0800] "GET /js/bg/ajaxPost.js HTTP/1.1" 200 1075
0:0:0:0:0:0:0:1 - - [14/Mar/2017:20:15:00 +0800] "GET /js/common.js HTTP/1.1" 200 4693
0:0:0:0:0:0:0:1 - - [14/Mar/2017:20:15:00 +0800] "GET /js/bg/submits.js HTTP/1.1" 200 11325
0:0:0:0:0:0:0:1 - - [14/Mar/2017:20:15:00 +0800] "GET /images/loginbanner.jpg HTTP/1.1" 200 658820
0:0:0:0:0:0:0:1 - - [14/Mar/2017:20:15:48 +0800] "POST /page/user/login HTTP/1.1" 200 49
0:0:0:0:0:0:0:1 - - [14/Mar/2017:20:15:48 +0800] "POST /page/user/login HTTP/1.1" 200 49
0:0:0:0:0:0:0:1 - - [14/Mar/2017:20:15:48 +0800] "POST /page/user/login HTTP/1.1" 200 49
0:0:0:0:0:0:0:1 - - [14/Mar/2017:20:15:48 +0800] "POST /page/user/login HTTP/1.1" 200 49
0:0:0:0:0:0:0:1 - - [14/Mar/2017:20:15:48 +0800] "POST /page/user/login HTTP/1.1" 200 49
0:0:0:0:0:0:0:1 - - [14/Mar/2017:20:15:54 +0800] "POST /page/user/login HTTP/1.1" 200 1044
0:0:0:0:0:0:0:1 - - [14/Mar/2017:20:15:54 +0800] "GET /index HTTP/1.1" 200 29567
0:0:0:0:0:0:0:1 - - [14/Mar/2017:20:15:54 +0800] "GET /headimg/74_1489487086473.jpg HTTP/1.1" 200 -
0:0:0:0:0:0:0:1 - - [14/Mar/2017:20:15:54 +0800] "GET /images/icon_shiming_1.png HTTP/1.1" 200 529
0:0:0:0:0:0:0:1 - - [14/Mar/2017:20:15:54 +0800] "GET /images/icon_msg.png HTTP/1.1" 200 907
0:0:0:0:0:0:0:1 - - [14/Mar/2017:20:15:54 +0800] "GET /images/icon_shiming_hover.png HTTP/1.1" 200 676
0:0:0:0:0:0:0:1 - - [14/Mar/2017:20:15:54 +0800] "GET /images/icon_msg_hover.png HTTP/1.1" 200 1216
0:0:0:0:0:0:0:1 - - [14/Mar/2017:20:15:58 +0800] "GET /list-fuwushang/fuwushang HTTP/1.1" 200 24664
0:0:0:0:0:0:0:1 - - [14/Mar/2017:20:15:58 +0800] "GET /headimg/74_1489487086473.jpg HTTP/1.1" 200 -
0:0:0:0:0:0:0:1 - - [14/Mar/2017:20:16:00 +0800] "GET /list-fuwushang/xiugaiziliao HTTP/1.1" 200 28427
0:0:0:0:0:0:0:1 - - [14/Mar/2017:20:16:00 +0800] "GET /js/list/ziliaochange.js HTTP/1.1" 200 1061
0:0:0:0:0:0:0:1 - - [14/Mar/2017:20:16:00 +0800] "GET /headimg/74_1489487086473.jpg HTTP/1.1" 200 -
0:0:0:0:0:0:0:1 - - [14/Mar/2017:20:16:00 +0800] "GET /js/chajian/checkbox.js HTTP/1.1" 200 3308
0:0:0:0:0:0:0:1 - - [14/Mar/2017:20:16:00 +0800] "GET /js/bg/user.js HTTP/1.1" 200 7060
0:0:0:0:0:0:0:1 - - [14/Mar/2017:20:16:00 +0800] "GET /js/bg/ajaxfileupload.js HTTP/1.1" 200 6859
0:0:0:0:0:0:0:1 - - [14/Mar/2017:20:16:06 +0800] "POST /page/file/uploadheadimg/74 HTTP/1.1" 200 46
0:0:0:0:0:0:0:1 - - [14/Mar/2017:20:28:10 +0800] "GET /list-fuwushang/xiugaiziliao HTTP/1.1" 200 27438
0:0:0:0:0:0:0:1 - - [14/Mar/2017:20:28:10 +0800] "GET /list-fuwushang/images/banner1_bg_1.png HTTP/1.1" 404 153
0:0:0:0:0:0:0:1 - - [14/Mar/2017:20:28:10 +0800] "GET /list-fuwushang/images/banner4_bg.png HTTP/1.1" 404 151
0:0:0:0:0:0:0:1 - - [14/Mar/2017:20:28:10 +0800] "GET /favicon.ico HTTP/1.1" 200 946
0:0:0:0:0:0:0:1 - - [14/Mar/2017:20:28:12 +0800] "GET /list-login/login HTTP/1.1" 200 21226
0:0:0:0:0:0:0:1 - - [14/Mar/2017:20:28:26 +0800] "POST /page/user/login HTTP/1.1" 200 1044
0:0:0:0:0:0:0:1 - - [14/Mar/2017:20:28:26 +0800] "GET /index HTTP/1.1" 200 29567
0:0:0:0:0:0:0:1 - - [14/Mar/2017:20:28:26 +0800] "GET /headimg/74_1489487086473.jpg HTTP/1.1" 200 -
0:0:0:0:0:0:0:1 - - [14/Mar/2017:20:28:28 +0800] "GET /list-fuwushang/fuwushang HTTP/1.1" 200 25798
0:0:0:0:0:0:0:1 - - [14/Mar/2017:20:28:28 +0800] "GET /headimg/74_1489487086473.jpg HTTP/1.1" 200 -
0:0:0:0:0:0:0:1 - - [14/Mar/2017:20:28:30 +0800] "GET /list-fuwushang/daiqianhetong HTTP/1.1" 200 26371
0:0:0:0:0:0:0:1 - - [14/Mar/2017:20:28:30 +0800] "GET /headimg/74_1489487086473.jpg HTTP/1.1" 200 -
0:0:0:0:0:0:0:1 - - [14/Mar/2017:20:28:32 +0800] "GET /list-fuwushang/gongzuozhong HTTP/1.1" 200 30504
0:0:0:0:0:0:0:1 - - [14/Mar/2017:20:28:32 +0800] "GET /headimg/74_1489487086473.jpg HTTP/1.1" 200 -
0:0:0:0:0:0:0:1 - - [14/Mar/2017:20:28:32 +0800] "GET /headimg/74_1489487086473.jpg HTTP/1.1" 200 -
0:0:0:0:0:0:0:1 - - [14/Mar/2017:20:28:43 +0800] "GET /list-fuwushang/pingjia HTTP/1.1" 200 24538
0:0:0:0:0:0:0:1 - - [14/Mar/2017:20:28:43 +0800] "GET /headimg/74_1489487086473.jpg HTTP/1.1" 200 -
0:0:0:0:0:0:0:1 - - [14/Mar/2017:20:28:44 +0800] "GET /list-fuwushang/daiqianhetong HTTP/1.1" 200 26371
0:0:0:0:0:0:0:1 - - [14/Mar/2017:20:28:44 +0800] "GET /headimg/74_1489487086473.jpg HTTP/1.1" 200 -
