0:0:0:0:0:0:0:1 - - [09/Mar/2017:18:14:43 +0800] "GET / HTTP/1.1" 200 27438
0:0:0:0:0:0:0:1 - - [09/Mar/2017:18:14:43 +0800] "GET /css/public.css HTTP/1.1" 200 801
0:0:0:0:0:0:0:1 - - [09/Mar/2017:18:14:43 +0800] "GET /js/jquery-1.11.1.min.js HTTP/1.1" 200 95786
0:0:0:0:0:0:0:1 - - [09/Mar/2017:18:14:43 +0800] "GET /css/banner.css HTTP/1.1" 200 8476
0:0:0:0:0:0:0:1 - - [09/Mar/2017:18:14:43 +0800] "GET /css/index.css HTTP/1.1" 200 112520
0:0:0:0:0:0:0:1 - - [09/Mar/2017:18:14:43 +0800] "GET /js/index.js HTTP/1.1" 200 3328
0:0:0:0:0:0:0:1 - - [09/Mar/2017:18:14:43 +0800] "GET /js/chajian/external.js HTTP/1.1" 200 3221
0:0:0:0:0:0:0:1 - - [09/Mar/2017:18:14:43 +0800] "GET /images/log_03_03.png HTTP/1.1" 200 4499
0:0:0:0:0:0:0:1 - - [09/Mar/2017:18:14:43 +0800] "GET /images/baner1_text_2.png HTTP/1.1" 200 3039
0:0:0:0:0:0:0:1 - - [09/Mar/2017:18:14:43 +0800] "GET /images/log_03_02.gif HTTP/1.1" 200 2149
0:0:0:0:0:0:0:1 - - [09/Mar/2017:18:14:43 +0800] "GET /js/index_img.js HTTP/1.1" 200 1859
0:0:0:0:0:0:0:1 - - [09/Mar/2017:18:14:43 +0800] "GET /images/banner1_text_1.png HTTP/1.1" 200 5621
0:0:0:0:0:0:0:1 - - [09/Mar/2017:18:14:43 +0800] "GET /images/banner1_img.png HTTP/1.1" 200 127623
0:0:0:0:0:0:0:1 - - [09/Mar/2017:18:14:43 +0800] "GET /images/banner2_text.png HTTP/1.1" 200 8600
0:0:0:0:0:0:0:1 - - [09/Mar/2017:18:14:43 +0800] "GET /images/banner3_text.png HTTP/1.1" 200 12792
0:0:0:0:0:0:0:1 - - [09/Mar/2017:18:14:43 +0800] "GET /images/banne3_litte_img1.png HTTP/1.1" 200 18290
0:0:0:0:0:0:0:1 - - [09/Mar/2017:18:14:43 +0800] "GET /images/banner3_little_img4.png HTTP/1.1" 200 10068
0:0:0:0:0:0:0:1 - - [09/Mar/2017:18:14:43 +0800] "GET /images/banner4%20_img.png HTTP/1.1" 200 50876
0:0:0:0:0:0:0:1 - - [09/Mar/2017:18:14:44 +0800] "GET /images/banner3_little_img3.png HTTP/1.1" 200 11109
0:0:0:0:0:0:0:1 - - [09/Mar/2017:18:14:44 +0800] "GET /images/erweima.jpg HTTP/1.1" 200 40495
0:0:0:0:0:0:0:1 - - [09/Mar/2017:18:14:44 +0800] "GET /images/banner3_little_img2.png HTTP/1.1" 200 13396
0:0:0:0:0:0:0:1 - - [09/Mar/2017:18:14:44 +0800] "GET /images/icon.png HTTP/1.1" 200 30772
0:0:0:0:0:0:0:1 - - [09/Mar/2017:18:14:44 +0800] "GET /images/banner3_img.png HTTP/1.1" 200 199471
0:0:0:0:0:0:0:1 - - [09/Mar/2017:18:14:44 +0800] "GET /images/icon_swing.png HTTP/1.1" 200 959
0:0:0:0:0:0:0:1 - - [09/Mar/2017:18:14:44 +0800] "GET /images/icon_bag.png HTTP/1.1" 200 771
0:0:0:0:0:0:0:1 - - [09/Mar/2017:18:14:44 +0800] "GET /images/icon_task.png HTTP/1.1" 200 983
0:0:0:0:0:0:0:1 - - [09/Mar/2017:18:14:44 +0800] "GET /images/icon_call.png HTTP/1.1" 200 1326
0:0:0:0:0:0:0:1 - - [09/Mar/2017:18:14:44 +0800] "GET /images/icon_tanlent.png HTTP/1.1" 200 1330
0:0:0:0:0:0:0:1 - - [09/Mar/2017:18:14:44 +0800] "GET /images/icon_workhall.png HTTP/1.1" 200 598
0:0:0:0:0:0:0:1 - - [09/Mar/2017:18:14:44 +0800] "GET /images/shouyebg.jpg HTTP/1.1" 200 185782
0:0:0:0:0:0:0:1 - - [09/Mar/2017:18:14:44 +0800] "GET /images/banner1_bg_1.png HTTP/1.1" 200 11672
0:0:0:0:0:0:0:1 - - [09/Mar/2017:18:14:44 +0800] "GET /images/banner2_img.png HTTP/1.1" 200 206898
0:0:0:0:0:0:0:1 - - [09/Mar/2017:18:14:44 +0800] "GET /images/banner1_lines.png HTTP/1.1" 200 919
0:0:0:0:0:0:0:1 - - [09/Mar/2017:18:14:44 +0800] "GET /images/banner1_btn.png HTTP/1.1" 200 1142
0:0:0:0:0:0:0:1 - - [09/Mar/2017:18:14:44 +0800] "GET /images/banner4_bg.png HTTP/1.1" 200 10713
0:0:0:0:0:0:0:1 - - [09/Mar/2017:18:14:48 +0800] "GET /task/task HTTP/1.1" 200 32470
0:0:0:0:0:0:0:1 - - [09/Mar/2017:18:14:48 +0800] "GET /css/common.css HTTP/1.1" 200 4167
0:0:0:0:0:0:0:1 - - [09/Mar/2017:18:14:48 +0800] "GET /css/task.css HTTP/1.1" 200 12184
0:0:0:0:0:0:0:1 - - [09/Mar/2017:18:14:48 +0800] "GET /js/chajian/jquery.select.js HTTP/1.1" 200 2714
0:0:0:0:0:0:0:1 - - [09/Mar/2017:18:14:48 +0800] "GET /js/list/fabao.js HTTP/1.1" 200 9403
0:0:0:0:0:0:0:1 - - [09/Mar/2017:18:14:48 +0800] "GET /js/chajian/jqkuozhan.js HTTP/1.1" 200 2070
0:0:0:0:0:0:0:1 - - [09/Mar/2017:18:14:48 +0800] "GET /laydate/laydate.js HTTP/1.1" 200 13877
0:0:0:0:0:0:0:1 - - [09/Mar/2017:18:14:48 +0800] "GET /js/bg/ajaxPost.js HTTP/1.1" 200 1075
0:0:0:0:0:0:0:1 - - [09/Mar/2017:18:14:48 +0800] "GET /js/task-detail.js HTTP/1.1" 200 1807
0:0:0:0:0:0:0:1 - - [09/Mar/2017:18:14:48 +0800] "GET /js/bg/task.js HTTP/1.1" 200 6419
0:0:0:0:0:0:0:1 - - [09/Mar/2017:18:14:48 +0800] "GET /js/bg/page.js HTTP/1.1" 200 1574
0:0:0:0:0:0:0:1 - - [09/Mar/2017:18:14:48 +0800] "GET /images/work/task.png HTTP/1.1" 200 2134
0:0:0:0:0:0:0:1 - - [09/Mar/2017:18:14:48 +0800] "GET /images/work/people.png HTTP/1.1" 200 2299
0:0:0:0:0:0:0:1 - - [09/Mar/2017:18:14:48 +0800] "GET /images/work/finish.png HTTP/1.1" 200 1766
0:0:0:0:0:0:0:1 - - [09/Mar/2017:18:14:48 +0800] "GET /images/work/gold.png HTTP/1.1" 200 2633
0:0:0:0:0:0:0:1 - - [09/Mar/2017:18:14:48 +0800] "GET /images/work/search.png HTTP/1.1" 200 1404
0:0:0:0:0:0:0:1 - - [09/Mar/2017:18:14:48 +0800] "GET /laydate/need/laydate.css HTTP/1.1" 200 5943
0:0:0:0:0:0:0:1 - - [09/Mar/2017:18:14:48 +0800] "GET /laydate/skins/default/laydate.css HTTP/1.1" 200 3575
0:0:0:0:0:0:0:1 - - [09/Mar/2017:18:14:50 +0800] "GET /list-login/login HTTP/1.1" 200 21202
0:0:0:0:0:0:0:1 - - [09/Mar/2017:18:14:50 +0800] "GET /js/bg/atemp.js HTTP/1.1" 200 74
0:0:0:0:0:0:0:1 - - [09/Mar/2017:18:14:50 +0800] "GET /js/common.js HTTP/1.1" 200 5252
0:0:0:0:0:0:0:1 - - [09/Mar/2017:18:14:50 +0800] "GET /js/bg/submits.js HTTP/1.1" 200 11314
0:0:0:0:0:0:0:1 - - [09/Mar/2017:18:14:50 +0800] "GET /images/loginbanner.jpg HTTP/1.1" 200 658820
0:0:0:0:0:0:0:1 - - [09/Mar/2017:18:15:02 +0800] "POST /page/user/login HTTP/1.1" 200 1195
0:0:0:0:0:0:0:1 - - [09/Mar/2017:18:15:03 +0800] "GET /index HTTP/1.1" 200 29528
0:0:0:0:0:0:0:1 - - [09/Mar/2017:18:15:03 +0800] "GET /img/asag.jpg HTTP/1.1" 200 27172
0:0:0:0:0:0:0:1 - - [09/Mar/2017:18:15:03 +0800] "GET /images/icon_shiming_hover.png HTTP/1.1" 200 676
0:0:0:0:0:0:0:1 - - [09/Mar/2017:18:15:03 +0800] "GET /images/icon_shiming_1.png HTTP/1.1" 200 529
0:0:0:0:0:0:0:1 - - [09/Mar/2017:18:15:03 +0800] "GET /images/icon_msg.png HTTP/1.1" 200 907
0:0:0:0:0:0:0:1 - - [09/Mar/2017:18:15:03 +0800] "GET /images/icon_msg_hover.png HTTP/1.1" 200 1216
0:0:0:0:0:0:0:1 - - [09/Mar/2017:18:15:07 +0800] "GET /list-fuwushang/wodexiaoxi-huifu HTTP/1.1" 200 24877
0:0:0:0:0:0:0:1 - - [09/Mar/2017:18:15:19 +0800] "GET /list-fuwushang/wodexiaoxi-huifu-task HTTP/1.1" 200 23755
0:0:0:0:0:0:0:1 - - [09/Mar/2017:18:15:20 +0800] "GET /list-fuwushang/wodexiaoxi-huifu HTTP/1.1" 200 24877
0:0:0:0:0:0:0:1 - - [09/Mar/2017:18:15:20 +0800] "GET /list-fuwushang/wodexiaoxi-huifu-msg HTTP/1.1" 200 23772
0:0:0:0:0:0:0:1 - - [09/Mar/2017:18:15:21 +0800] "GET /list-fuwushang/fuwushang HTTP/1.1" 200 23506
0:0:0:0:0:0:0:1 - - [09/Mar/2017:18:15:23 +0800] "GET /list-fuwushang/gongzuozhong HTTP/1.1" 200 26247
0:0:0:0:0:0:0:1 - - [09/Mar/2017:18:15:27 +0800] "GET /list-fuwushang/fabugonggao/2 HTTP/1.1" 200 28462
0:0:0:0:0:0:0:1 - - [09/Mar/2017:18:15:27 +0800] "GET /js/list/fuwushang-work.js HTTP/1.1" 200 4790
0:0:0:0:0:0:0:1 - - [09/Mar/2017:18:15:27 +0800] "GET /js/chajian/checkbox.js HTTP/1.1" 200 4176
0:0:0:0:0:0:0:1 - - [09/Mar/2017:18:15:27 +0800] "GET /js/bg/taskModel.js HTTP/1.1" 200 2688
0:0:0:0:0:0:0:1 - - [09/Mar/2017:18:19:43 +0800] "GET /system HTTP/1.1" 302 -
0:0:0:0:0:0:0:1 - - [09/Mar/2017:18:19:43 +0800] "GET /system/myLogin HTTP/1.1" 200 4279
0:0:0:0:0:0:0:1 - - [09/Mar/2017:18:19:43 +0800] "GET /system/css/pintuer.css HTTP/1.1" 200 114625
0:0:0:0:0:0:0:1 - - [09/Mar/2017:18:19:43 +0800] "GET /system/css/admin.css HTTP/1.1" 200 4661
0:0:0:0:0:0:0:1 - - [09/Mar/2017:18:19:43 +0800] "GET /system/js/pintuer.js HTTP/1.1" 200 16856
0:0:0:0:0:0:0:1 - - [09/Mar/2017:18:19:43 +0800] "GET /system/js/jquery.js HTTP/1.1" 200 96381
0:0:0:0:0:0:0:1 - - [09/Mar/2017:18:19:43 +0800] "GET /system/images/bg.jpg HTTP/1.1" 200 103501
0:0:0:0:0:0:0:1 - - [09/Mar/2017:18:19:43 +0800] "GET /system/images/tmbg-white.png HTTP/1.1" 200 1012
0:0:0:0:0:0:0:1 - - [09/Mar/2017:18:19:45 +0800] "GET /code HTTP/1.1" 200 1601
0:0:0:0:0:0:0:1 - - [09/Mar/2017:18:19:58 +0800] "POST /system/login HTTP/1.1" 200 21
0:0:0:0:0:0:0:1 - - [09/Mar/2017:18:19:58 +0800] "GET /system/index HTTP/1.1" 200 5499
0:0:0:0:0:0:0:1 - - [09/Mar/2017:18:19:58 +0800] "GET /system/images/y.jpg HTTP/1.1" 200 6568
0:0:0:0:0:0:0:1 - - [09/Mar/2017:18:19:58 +0800] "GET /system/queryAllAdmin HTTP/1.1" 200 5147
0:0:0:0:0:0:0:1 - - [09/Mar/2017:18:19:58 +0800] "GET /system/js/jquery.page.js HTTP/1.1" 200 3746
0:0:0:0:0:0:0:1 - - [09/Mar/2017:18:20:07 +0800] "GET /system/queryAllWorkHall HTTP/1.1" 200 7326
0:0:0:0:0:0:0:1 - - [09/Mar/2017:18:20:21 +0800] "GET /system/queryAllPicture HTTP/1.1" 200 6215
0:0:0:0:0:0:0:1 - - [09/Mar/2017:18:20:38 +0800] "GET /system/queryAllPerson HTTP/1.1" 200 5364
0:0:0:0:0:0:0:1 - - [09/Mar/2017:18:20:38 +0800] "GET /system/js/jquery-1.11.1.min.js HTTP/1.1" 200 95786
0:0:0:0:0:0:0:1 - - [09/Mar/2017:18:20:38 +0800] "GET /system/js/highcharts.js HTTP/1.1" 200 192694
0:0:0:0:0:0:0:1 - - [09/Mar/2017:18:20:42 +0800] "GET /system/queryAllCapital HTTP/1.1" 200 4943
0:0:0:0:0:0:0:1 - - [09/Mar/2017:18:20:44 +0800] "GET /system/queryAllPerson HTTP/1.1" 200 5364
0:0:0:0:0:0:0:1 - - [09/Mar/2017:18:20:50 +0800] "GET /system/queryAllRefund HTTP/1.1" 200 2771
0:0:0:0:0:0:0:1 - - [09/Mar/2017:18:21:30 +0800] "GET /system/queryAllAdmin HTTP/1.1" 200 5147
0:0:0:0:0:0:0:1 - - [09/Mar/2017:18:21:31 +0800] "GET /system/queryAllAdmin HTTP/1.1" 200 5147
0:0:0:0:0:0:0:1 - - [09/Mar/2017:18:21:32 +0800] "GET /system/queryAllAdmin HTTP/1.1" 200 5147
0:0:0:0:0:0:0:1 - - [09/Mar/2017:18:21:32 +0800] "GET /system/queryAllAdmin HTTP/1.1" 200 5147
0:0:0:0:0:0:0:1 - - [09/Mar/2017:18:21:35 +0800] "GET /system/queryAllUser HTTP/1.1" 200 3369
0:0:0:0:0:0:0:1 - - [09/Mar/2017:18:21:36 +0800] "GET /system/queryAllServer HTTP/1.1" 200 6353
0:0:0:0:0:0:0:1 - - [09/Mar/2017:18:21:37 +0800] "GET /system/layer/skin/layer.css HTTP/1.1" 200 5763
0:0:0:0:0:0:0:1 - - [09/Mar/2017:18:21:37 +0800] "GET /system//layer/layer.min.js HTTP/1.1" 200 19122
0:0:0:0:0:0:0:1 - - [09/Mar/2017:18:21:37 +0800] "GET /system//layer/skin/layer.css HTTP/1.1" 200 5763
0:0:0:0:0:0:0:1 - - [09/Mar/2017:18:21:37 +0800] "GET /system//layer/skin/default/xubox_ico0.png HTTP/1.1" 200 32954
0:0:0:0:0:0:0:1 - - [09/Mar/2017:18:21:39 +0800] "GET /system/queryUserRechargeRecord HTTP/1.1" 200 3098
0:0:0:0:0:0:0:1 - - [09/Mar/2017:18:21:43 +0800] "GET /system/queryAllTask HTTP/1.1" 200 6444
0:0:0:0:0:0:0:1 - - [09/Mar/2017:18:21:47 +0800] "GET /system/queryAllTaskType HTTP/1.1" 200 12534
0:0:0:0:0:0:0:1 - - [09/Mar/2017:18:21:47 +0800] "GET /css/work.css HTTP/1.1" 200 7169
0:0:0:0:0:0:0:1 - - [09/Mar/2017:18:21:49 +0800] "GET /system/professionalTaskType HTTP/1.1" 200 25518
0:0:0:0:0:0:0:1 - - [09/Mar/2017:18:22:05 +0800] "GET /system/queryAllWorkHall HTTP/1.1" 200 7326
0:0:0:0:0:0:0:1 - - [09/Mar/2017:18:22:09 +0800] "GET /system/queryAllFeedback HTTP/1.1" 200 7590
0:0:0:0:0:0:0:1 - - [09/Mar/2017:18:22:10 +0800] "GET /system/js/layer.js HTTP/1.1" 404 133
